[dfr@beta activerecord]$ rake test_sqlite3
(in /home/dfr/crap/rails/activerecord)
/usr/local/bin/ruby -I"/home/dfr/crap/rails/activerecord/lib" -I"/home/dfr/crap/rails/activerecord/test" -I"/home/dfr/crap/rails/activerecord/test/connections/native_sqlite3" "/usr/local/lib/ruby/gems/1.8/ge
ms/rake-0.8.4/lib/rake/rake_test_loader.rb" "test/cases/aaa_create_tables_test.rb" "test/cases/adapter_test.rb" "test/cases/aggregations_test.rb" "test/cases/ar_schema_test.rb" "test/cases/associations/belon
gs_to_associations_test.rb" "test/cases/associations/callbacks_test.rb" "test/cases/associations/cascaded_eager_loading_test.rb" "test/cases/associations/eager_load_includes_full_sti_class_test.rb" "test/cas
es/associations/eager_load_nested_include_test.rb" "test/cases/associations/eager_singularization_test.rb" "test/cases/associations/eager_test.rb" "test/cases/associations/extension_test.rb" "test/cases/asso
ciations/has_and_belongs_to_many_associations_test.rb" "test/cases/associations/has_many_associations_test.rb" "test/cases/associations/has_many_through_associations_test.rb" "test/cases/associations/has_one
_associations_test.rb" "test/cases/associations/has_one_through_associations_test.rb" "test/cases/associations/inner_join_association_test.rb" "test/cases/associations/join_model_test.rb" "test/cases/associa
tions_test.rb" "test/cases/attribute_methods_test.rb" "test/cases/autosave_association_test.rb" "test/cases/base_test.rb" "test/cases/batches_test.rb" "test/cases/binary_test.rb" "test/cases/calculations_tes
t.rb" "test/cases/callbacks_observers_test.rb" "test/cases/callbacks_test.rb" "test/cases/class_inheritable_attributes_test.rb" "test/cases/column_alias_test.rb" "test/cases/column_definition_test.rb" "test/
cases/connection_pool_test.rb" "test/cases/copy_table_test_sqlite.rb" "test/cases/database_statements_test.rb" "test/cases/date_time_test.rb" "test/cases/defaults_test.rb" "test/cases/deprecated_finder_test.
rb" "test/cases/dirty_test.rb" "test/cases/finder_respond_to_test.rb" "test/cases/finder_test.rb" "test/cases/fixtures_test.rb" "test/cases/i18n_test.rb" "test/cases/inheritance_test.rb" "test/cases/invalid_
date_test.rb" "test/cases/json_serialization_test.rb" "test/cases/lifecycle_test.rb" "test/cases/locking_test.rb" "test/cases/method_scoping_test.rb" "test/cases/migration_test.rb" "test/cases/mixin_test.rb"
 "test/cases/modules_test.rb" "test/cases/multiple_db_test.rb" "test/cases/named_scope_test.rb" "test/cases/nested_attributes_test.rb" "test/cases/pk_test.rb" "test/cases/pooled_connections_test.rb" "test/ca
ses/query_cache_test.rb" "test/cases/readonly_test.rb" "test/cases/reflection_test.rb" "test/cases/reload_models_test.rb" "test/cases/sanitize_test.rb" "test/cases/schema_dumper_test.rb" "test/cases/serializ
ation_test.rb" "test/cases/transactions_test.rb" "test/cases/unconnected_test.rb" "test/cases/validations_i18n_test.rb" "test/cases/validations_test.rb" "test/cases/xml_serialization_test.rb"
Using native SQLite3
Loaded suite /usr/local/lib/ruby/gems/1.8/gems/rake-0.8.4/lib/rake/rake_test_loader
Started
...............................................................................................................................................................................................................
...............................................................................................................................................................................................................
............................E..................................................................................................................................................................................
...............................................................................................................................................................................................................
...............................................................................................................................................................................................................
...............................EEE...............E.............................................................................................................................................................
...............................................................................................................................................................................................................
...............................................................................................................................................................................................................
...............................................................................................................................................................................................................
...........................................................................................................................................................
Finished in 42.738332 seconds.

  1) Error:
test_scoped_find_with_group_and_having(BasicsTest):
ActiveRecord::StatementInvalid: SQLite3::SQLException: aggregate functions are not allowed in the GROUP BY clause: SELECT SUM(salary) as salary FROM "developers"  GROUP BY salary HAVING SUM(salary) > 10000
    /home/dfr/crap/rails/activerecord/test/cases/../../lib/active_record/connection_adapters/abstract_adapter.rb:212:in `log'
    /home/dfr/crap/rails/activerecord/test/cases/../../lib/active_record/connection_adapters/sqlite_adapter.rb:157:in `execute_without_query_record'
    /home/dfr/crap/rails/activerecord/test/cases/../../lib/active_record/connection_adapters/sqlite_adapter.rb:402:in `catch_schema_changes'
    /home/dfr/crap/rails/activerecord/test/cases/../../lib/active_record/connection_adapters/sqlite_adapter.rb:157:in `execute_without_query_record'
    /home/dfr/crap/rails/activerecord/test/cases/helper.rb:37:in `execute'
    /home/dfr/crap/rails/activerecord/test/cases/../../lib/active_record/connection_adapters/sqlite_adapter.rb:305:in `select'
    /home/dfr/crap/rails/activerecord/test/cases/../../lib/active_record/connection_adapters/abstract/database_statements.rb:7:in `select_all_without_query_cache'
    /home/dfr/crap/rails/activerecord/test/cases/../../lib/active_record/connection_adapters/abstract/query_cache.rb:62:in `select_all'
    /home/dfr/crap/rails/activerecord/test/cases/../../lib/active_record/base.rb:661:in `find_by_sql'
    /home/dfr/crap/rails/activerecord/test/cases/../../lib/active_record/base.rb:1556:in `find_every'
    /home/dfr/crap/rails/activerecord/test/cases/../../lib/active_record/base.rb:615:in `find'
    ./test/cases/base_test.rb:1760:in `test_scoped_find_with_group_and_having'
    /home/dfr/crap/rails/activerecord/test/cases/../../lib/active_record/base.rb:2151:in `with_scope'
    ./test/cases/base_test.rb:1759:in `test_scoped_find_with_group_and_having'
    /home/dfr/crap/rails/activerecord/test/cases/../../../activesupport/lib/active_support/testing/setup_and_teardown.rb:62:in `__send__'
    /home/dfr/crap/rails/activerecord/test/cases/../../../activesupport/lib/active_support/testing/setup_and_teardown.rb:62:in `run'

  2) Error:
test_destroy_all(HasAndBelongsToManyAssociationsTest):
ActiveRecord::StatementInvalid: SQLite3::SQLException: aggregate functions are not allowed in the GROUP BY clause: SELECT SUM(salary) as salary FROM "developers"  INNER JOIN "developers_projects" ON "developers".id = "developers_projects".developer_id WHERE ("developers_projects".project_id = 1 )  GROUP BY salary HAVING SUM(salary) > 10000
    /home/dfr/crap/rails/activerecord/test/cases/../../lib/active_record/connection_adapters/abstract_adapter.rb:212:in `log'
    /home/dfr/crap/rails/activerecord/test/cases/../../lib/active_record/connection_adapters/sqlite_adapter.rb:157:in `execute_without_query_record'
    /home/dfr/crap/rails/activerecord/test/cases/../../lib/active_record/connection_adapters/sqlite_adapter.rb:402:in `catch_schema_changes'
    /home/dfr/crap/rails/activerecord/test/cases/../../lib/active_record/connection_adapters/sqlite_adapter.rb:157:in `execute_without_query_record'
    /home/dfr/crap/rails/activerecord/test/cases/helper.rb:37:in `execute'
    /home/dfr/crap/rails/activerecord/test/cases/../../lib/active_record/connection_adapters/sqlite_adapter.rb:305:in `select'
    /home/dfr/crap/rails/activerecord/test/cases/../../lib/active_record/connection_adapters/abstract/database_statements.rb:7:in `select_all_without_query_cache'
    /home/dfr/crap/rails/activerecord/test/cases/../../lib/active_record/connection_adapters/abstract/query_cache.rb:62:in `select_all'
    /home/dfr/crap/rails/activerecord/test/cases/../../lib/active_record/base.rb:661:in `find_by_sql'
    /home/dfr/crap/rails/activerecord/test/cases/../../lib/active_record/base.rb:1556:in `find_every'
    /home/dfr/crap/rails/activerecord/test/cases/../../lib/active_record/base.rb:615:in `find'
    /home/dfr/crap/rails/activerecord/test/cases/../../lib/active_record/associations/association_collection.rb:60:in `find'
    /home/dfr/crap/rails/activerecord/test/cases/../../lib/active_record/associations/association_collection.rb:399:in `find_target'
    /home/dfr/crap/rails/activerecord/test/cases/../../lib/active_record/associations/association_collection.rb:353:in `load_target'
    /home/dfr/crap/rails/activerecord/test/cases/../../lib/active_record/associations/association_collection.rb:287:in `length'
    /home/dfr/crap/rails/activerecord/test/cases/../../lib/active_record/associations/association_collection.rb:220:in `clear'
    (eval):3:in `destroy_without_callbacks'
    /home/dfr/crap/rails/activerecord/test/cases/../../lib/active_record/callbacks.rb:337:in `destroy_without_transactions'
    /home/dfr/crap/rails/activerecord/test/cases/../../lib/active_record/transactions.rb:229:in `send'
    /home/dfr/crap/rails/activerecord/test/cases/../../lib/active_record/transactions.rb:229:in `with_transaction_returning_status'
    /home/dfr/crap/rails/activerecord/test/cases/../../lib/active_record/connection_adapters/abstract/database_statements.rb:136:in `transaction'
    /home/dfr/crap/rails/activerecord/test/cases/../../lib/active_record/transactions.rb:182:in `transaction'
    /home/dfr/crap/rails/activerecord/test/cases/../../lib/active_record/transactions.rb:228:in `with_transaction_returning_status'
    /home/dfr/crap/rails/activerecord/test/cases/../../lib/active_record/transactions.rb:192:in `destroy'
    /home/dfr/crap/rails/activerecord/test/cases/../../lib/active_record/associations/association_collection.rb:212:in `destroy'
    /home/dfr/crap/rails/activerecord/test/cases/../../lib/active_record/associations/association_collection.rb:212:in `each'
    /home/dfr/crap/rails/activerecord/test/cases/../../lib/active_record/associations/association_collection.rb:212:in `destroy'
    /home/dfr/crap/rails/activerecord/test/cases/../../lib/active_record/associations/association_collection.rb:446:in `remove_records'
    /home/dfr/crap/rails/activerecord/test/cases/../../lib/active_record/associations/association_collection.rb:141:in `transaction'
    /home/dfr/crap/rails/activerecord/test/cases/../../lib/active_record/connection_adapters/abstract/database_statements.rb:136:in `transaction'
    /home/dfr/crap/rails/activerecord/test/cases/../../lib/active_record/transactions.rb:182:in `transaction'
    /home/dfr/crap/rails/activerecord/test/cases/../../lib/active_record/associations/association_collection.rb:140:in `transaction'
    /home/dfr/crap/rails/activerecord/test/cases/../../lib/active_record/associations/association_collection.rb:443:in `remove_records'
    /home/dfr/crap/rails/activerecord/test/cases/../../lib/active_record/associations/association_collection.rb:211:in `destroy'
    /home/dfr/crap/rails/activerecord/test/cases/../../lib/active_record/associations/association_collection.rb:236:in `destroy_all'
    ./test/cases/associations/has_and_belongs_to_many_associations_test.rb:415:in `test_destroy_all'
    /home/dfr/crap/rails/activerecord/test/cases/../../../activesupport/lib/active_support/testing/setup_and_teardown.rb:62:in `__send__'
    /home/dfr/crap/rails/activerecord/test/cases/../../../activesupport/lib/active_support/testing/setup_and_teardown.rb:62:in `run'

  3) Error:
test_destroying(HasAndBelongsToManyAssociationsTest):
ActiveRecord::StatementInvalid: SQLite3::SQLException: aggregate functions are not allowed in the GROUP BY clause: SELECT SUM(salary) as salary FROM "developers"  INNER JOIN "developers_projects" ON "developers".id = "developers_projects".developer_id WHERE ("developers_projects".project_id = 1 )  GROUP BY salary HAVING SUM(salary) > 10000
    /home/dfr/crap/rails/activerecord/test/cases/../../lib/active_record/connection_adapters/abstract_adapter.rb:212:in `log'
    /home/dfr/crap/rails/activerecord/test/cases/../../lib/active_record/connection_adapters/sqlite_adapter.rb:157:in `execute_without_query_record'
    /home/dfr/crap/rails/activerecord/test/cases/../../lib/active_record/connection_adapters/sqlite_adapter.rb:402:in `catch_schema_changes'
    /home/dfr/crap/rails/activerecord/test/cases/../../lib/active_record/connection_adapters/sqlite_adapter.rb:157:in `execute_without_query_record'
    /home/dfr/crap/rails/activerecord/test/cases/helper.rb:37:in `execute'
    /home/dfr/crap/rails/activerecord/test/cases/../../lib/active_record/connection_adapters/sqlite_adapter.rb:305:in `select'
    /home/dfr/crap/rails/activerecord/test/cases/../../lib/active_record/connection_adapters/abstract/database_statements.rb:7:in `select_all_without_query_cache'
    /home/dfr/crap/rails/activerecord/test/cases/../../lib/active_record/connection_adapters/abstract/query_cache.rb:62:in `select_all'
    /home/dfr/crap/rails/activerecord/test/cases/../../lib/active_record/base.rb:661:in `find_by_sql'
    /home/dfr/crap/rails/activerecord/test/cases/../../lib/active_record/base.rb:1556:in `find_every'
    /home/dfr/crap/rails/activerecord/test/cases/../../lib/active_record/base.rb:615:in `find'
    /home/dfr/crap/rails/activerecord/test/cases/../../lib/active_record/associations/association_collection.rb:60:in `find'
    /home/dfr/crap/rails/activerecord/test/cases/../../lib/active_record/associations/association_collection.rb:399:in `find_target'
    /home/dfr/crap/rails/activerecord/test/cases/../../lib/active_record/associations/association_collection.rb:353:in `load_target'
    /home/dfr/crap/rails/activerecord/test/cases/../../lib/active_record/associations/association_collection.rb:287:in `length'
    /home/dfr/crap/rails/activerecord/test/cases/../../lib/active_record/associations/association_collection.rb:220:in `clear'
    (eval):3:in `destroy_without_callbacks'
    /home/dfr/crap/rails/activerecord/test/cases/../../lib/active_record/callbacks.rb:337:in `destroy_without_transactions'
    /home/dfr/crap/rails/activerecord/test/cases/../../lib/active_record/transactions.rb:229:in `send'
    /home/dfr/crap/rails/activerecord/test/cases/../../lib/active_record/transactions.rb:229:in `with_transaction_returning_status'
    /home/dfr/crap/rails/activerecord/test/cases/../../lib/active_record/connection_adapters/abstract/database_statements.rb:136:in `transaction'
    /home/dfr/crap/rails/activerecord/test/cases/../../lib/active_record/transactions.rb:182:in `transaction'
    /home/dfr/crap/rails/activerecord/test/cases/../../lib/active_record/transactions.rb:228:in `with_transaction_returning_status'
    /home/dfr/crap/rails/activerecord/test/cases/../../lib/active_record/transactions.rb:192:in `destroy'
    /home/dfr/crap/rails/activerecord/test/cases/../../lib/active_record/associations/association_collection.rb:212:in `destroy'
    /home/dfr/crap/rails/activerecord/test/cases/../../lib/active_record/associations/association_collection.rb:212:in `each'
    /home/dfr/crap/rails/activerecord/test/cases/../../lib/active_record/associations/association_collection.rb:212:in `destroy'
    /home/dfr/crap/rails/activerecord/test/cases/../../lib/active_record/associations/association_collection.rb:446:in `remove_records'
    /home/dfr/crap/rails/activerecord/test/cases/../../lib/active_record/associations/association_collection.rb:141:in `transaction'
    /home/dfr/crap/rails/activerecord/test/cases/../../lib/active_record/connection_adapters/abstract/database_statements.rb:136:in `transaction'
    /home/dfr/crap/rails/activerecord/test/cases/../../lib/active_record/transactions.rb:182:in `transaction'
    /home/dfr/crap/rails/activerecord/test/cases/../../lib/active_record/associations/association_collection.rb:140:in `transaction'
    /home/dfr/crap/rails/activerecord/test/cases/../../lib/active_record/associations/association_collection.rb:443:in `remove_records'
    /home/dfr/crap/rails/activerecord/test/cases/../../lib/active_record/associations/association_collection.rb:211:in `destroy'
    ./test/cases/associations/has_and_belongs_to_many_associations_test.rb:392:in `test_destroying'
    /home/dfr/crap/rails/activerecord/test/cases/../../../activesupport/lib/active_support/testing/assertions.rb:39:in `assert_difference'
    ./test/cases/associations/has_and_belongs_to_many_associations_test.rb:391:in `test_destroying'
    /home/dfr/crap/rails/activerecord/test/cases/../../../activesupport/lib/active_support/testing/setup_and_teardown.rb:62:in `__send__'
    /home/dfr/crap/rails/activerecord/test/cases/../../../activesupport/lib/active_support/testing/setup_and_teardown.rb:62:in `run'

  4) Error:
test_destroying_array(HasAndBelongsToManyAssociationsTest):
ActiveRecord::StatementInvalid: SQLite3::SQLException: aggregate functions are not allowed in the GROUP BY clause: SELECT SUM(salary) as salary FROM "developers"  INNER JOIN "developers_projects" ON "developers".id = "developers_projects".developer_id WHERE ("developers_projects".project_id = 1 )  GROUP BY salary HAVING SUM(salary) > 10000
    /home/dfr/crap/rails/activerecord/test/cases/../../lib/active_record/connection_adapters/abstract_adapter.rb:212:in `log'
    /home/dfr/crap/rails/activerecord/test/cases/../../lib/active_record/connection_adapters/sqlite_adapter.rb:157:in `execute_without_query_record'
    /home/dfr/crap/rails/activerecord/test/cases/../../lib/active_record/connection_adapters/sqlite_adapter.rb:402:in `catch_schema_changes'
    /home/dfr/crap/rails/activerecord/test/cases/../../lib/active_record/connection_adapters/sqlite_adapter.rb:157:in `execute_without_query_record'
    /home/dfr/crap/rails/activerecord/test/cases/helper.rb:37:in `execute'
    /home/dfr/crap/rails/activerecord/test/cases/../../lib/active_record/connection_adapters/sqlite_adapter.rb:305:in `select'
    /home/dfr/crap/rails/activerecord/test/cases/../../lib/active_record/connection_adapters/abstract/database_statements.rb:7:in `select_all_without_query_cache'
    /home/dfr/crap/rails/activerecord/test/cases/../../lib/active_record/connection_adapters/abstract/query_cache.rb:62:in `select_all'
    /home/dfr/crap/rails/activerecord/test/cases/../../lib/active_record/base.rb:661:in `find_by_sql'
    /home/dfr/crap/rails/activerecord/test/cases/../../lib/active_record/base.rb:1556:in `find_every'
    /home/dfr/crap/rails/activerecord/test/cases/../../lib/active_record/base.rb:615:in `find'
    /home/dfr/crap/rails/activerecord/test/cases/../../lib/active_record/associations/association_collection.rb:60:in `find'
    /home/dfr/crap/rails/activerecord/test/cases/../../lib/active_record/associations/association_collection.rb:399:in `find_target'
    /home/dfr/crap/rails/activerecord/test/cases/../../lib/active_record/associations/association_collection.rb:353:in `load_target'
    /home/dfr/crap/rails/activerecord/test/cases/../../lib/active_record/associations/association_collection.rb:287:in `length'
    /home/dfr/crap/rails/activerecord/test/cases/../../lib/active_record/associations/association_collection.rb:220:in `clear'
    (eval):3:in `destroy_without_callbacks'
    /home/dfr/crap/rails/activerecord/test/cases/../../lib/active_record/callbacks.rb:337:in `destroy_without_transactions'
    /home/dfr/crap/rails/activerecord/test/cases/../../lib/active_record/transactions.rb:229:in `send'
    /home/dfr/crap/rails/activerecord/test/cases/../../lib/active_record/transactions.rb:229:in `with_transaction_returning_status'
    /home/dfr/crap/rails/activerecord/test/cases/../../lib/active_record/connection_adapters/abstract/database_statements.rb:136:in `transaction'
    /home/dfr/crap/rails/activerecord/test/cases/../../lib/active_record/transactions.rb:182:in `transaction'
    /home/dfr/crap/rails/activerecord/test/cases/../../lib/active_record/transactions.rb:228:in `with_transaction_returning_status'
    /home/dfr/crap/rails/activerecord/test/cases/../../lib/active_record/transactions.rb:192:in `destroy'
    /home/dfr/crap/rails/activerecord/test/cases/../../lib/active_record/associations/association_collection.rb:212:in `destroy'
    /home/dfr/crap/rails/activerecord/test/cases/../../lib/active_record/associations/association_collection.rb:212:in `each'
    /home/dfr/crap/rails/activerecord/test/cases/../../lib/active_record/associations/association_collection.rb:212:in `destroy'
    /home/dfr/crap/rails/activerecord/test/cases/../../lib/active_record/associations/association_collection.rb:446:in `remove_records'
    /home/dfr/crap/rails/activerecord/test/cases/../../lib/active_record/associations/association_collection.rb:141:in `transaction'
    /home/dfr/crap/rails/activerecord/test/cases/../../lib/active_record/connection_adapters/abstract/database_statements.rb:136:in `transaction'
    /home/dfr/crap/rails/activerecord/test/cases/../../lib/active_record/transactions.rb:182:in `transaction'
    /home/dfr/crap/rails/activerecord/test/cases/../../lib/active_record/associations/association_collection.rb:140:in `transaction'
    /home/dfr/crap/rails/activerecord/test/cases/../../lib/active_record/associations/association_collection.rb:443:in `remove_records'
    /home/dfr/crap/rails/activerecord/test/cases/../../lib/active_record/associations/association_collection.rb:211:in `destroy'
    ./test/cases/associations/has_and_belongs_to_many_associations_test.rb:404:in `test_destroying_array'
    /home/dfr/crap/rails/activerecord/test/cases/../../../activesupport/lib/active_support/testing/assertions.rb:39:in `assert_difference'
    ./test/cases/associations/has_and_belongs_to_many_associations_test.rb:403:in `test_destroying_array'
    /home/dfr/crap/rails/activerecord/test/cases/../../../activesupport/lib/active_support/testing/setup_and_teardown.rb:62:in `__send__'
    /home/dfr/crap/rails/activerecord/test/cases/../../../activesupport/lib/active_support/testing/setup_and_teardown.rb:62:in `run'

  5) Error:
test_find_scoped_grouped_having(HasAndBelongsToManyAssociationsTest):
ActiveRecord::StatementInvalid: SQLite3::SQLException: aggregate functions are not allowed in the GROUP BY clause: SELECT SUM(salary) as salary FROM "developers"  INNER JOIN "developers_projects" ON "developers".id = "developers_projects".developer_id WHERE ("developers_projects".project_id = 1 )  GROUP BY salary HAVING SUM(salary) > 10000
    /home/dfr/crap/rails/activerecord/test/cases/../../lib/active_record/connection_adapters/abstract_adapter.rb:212:in `log'
    /home/dfr/crap/rails/activerecord/test/cases/../../lib/active_record/connection_adapters/sqlite_adapter.rb:157:in `execute_without_query_record'
    /home/dfr/crap/rails/activerecord/test/cases/../../lib/active_record/connection_adapters/sqlite_adapter.rb:402:in `catch_schema_changes'
    /home/dfr/crap/rails/activerecord/test/cases/../../lib/active_record/connection_adapters/sqlite_adapter.rb:157:in `execute_without_query_record'
    /home/dfr/crap/rails/activerecord/test/cases/helper.rb:37:in `execute'
    /home/dfr/crap/rails/activerecord/test/cases/../../lib/active_record/connection_adapters/sqlite_adapter.rb:305:in `select'
    /home/dfr/crap/rails/activerecord/test/cases/../../lib/active_record/connection_adapters/abstract/database_statements.rb:7:in `select_all_without_query_cache'
    /home/dfr/crap/rails/activerecord/test/cases/../../lib/active_record/connection_adapters/abstract/query_cache.rb:62:in `select_all'
    /home/dfr/crap/rails/activerecord/test/cases/../../lib/active_record/base.rb:661:in `find_by_sql'
    /home/dfr/crap/rails/activerecord/test/cases/../../lib/active_record/base.rb:1556:in `find_every'
    /home/dfr/crap/rails/activerecord/test/cases/../../lib/active_record/base.rb:615:in `find'
    /home/dfr/crap/rails/activerecord/test/cases/../../lib/active_record/associations/association_collection.rb:60:in `find'
    /home/dfr/crap/rails/activerecord/test/cases/../../lib/active_record/associations/association_collection.rb:399:in `find_target'
    /home/dfr/crap/rails/activerecord/test/cases/../../lib/active_record/associations/association_collection.rb:353:in `load_target'
    /home/dfr/crap/rails/activerecord/test/cases/../../lib/active_record/associations/association_collection.rb:272:in `size'
    ./test/cases/associations/has_and_belongs_to_many_associations_test.rb:689:in `test_find_scoped_grouped_having'
    /home/dfr/crap/rails/activerecord/test/cases/../../../activesupport/lib/active_support/testing/setup_and_teardown.rb:62:in `__send__'
    /home/dfr/crap/rails/activerecord/test/cases/../../../activesupport/lib/active_support/testing/setup_and_teardown.rb:62:in `run'

2018 tests, 6579 assertions, 0 failures, 5 errors
rake aborted!
Command failed with status (1): [/usr/local/bin/ruby -I"/home/dfr/crap/rail...]

(See full trace by running task with --trace)

