<?xml version="1.0" encoding="UTF-8"?>
<ticket>
  <assigned-user-id type="integer" nil="true"></assigned-user-id>
  <attachments-count type="integer">0</attachments-count>
  <closed type="boolean">true</closed>
  <created-at type="datetime">2008-10-05T23:26:11+01:00</created-at>
  <creator-id type="integer">7256</creator-id>
  <milestone-due-on type="datetime" nil="true"></milestone-due-on>
  <milestone-id type="integer">9903</milestone-id>
  <number type="integer">1177</number>
  <permalink>rails-test-doesnt-load-initializers-when-unit-testing</permalink>
  <priority type="integer">586</priority>
  <project-id type="integer">8994</project-id>
  <raw-data type="binary" nil="true" encoding="base64"></raw-data>
  <state>invalid</state>
  <tag nil="true"></tag>
  <title>rails test doesn't load initializers when unit testing</title>
  <updated-at type="datetime">2008-12-08T15:20:49+00:00</updated-at>
  <user-id type="integer">17477</user-id>
  <version type="integer">3</version>
  <user-name>Frederick Cheung</user-name>
  <creator-name>Leon Bogaert</creator-name>
  <url>http://rails.lighthouseapp.com/projects/8994/tickets/1177</url>
  <milestone-title>2.x</milestone-title>
  <priority-name nil="true"></priority-name>
  <original-body>I've got some custom inflection rules. One is for 'merk', it lives in 'initialializers/inflections.rb':

 ActiveSupport::Inflector.inflections do |inflect|
   inflect.irregular 'merk', 'merken'
 end

But when I run rake test:units, I get an error:

test_truth(BrandstofTest):
ActiveRecord::StatementInvalid: SQLite3::SQLException: no such table: merks: DELETE FROM &quot;merks&quot; WHERE 1=1

So, I think the custom inflection rules aren't loaded during these unit tests. However, if I go into 'script/console test', these rules work fine!

&gt;&gt; 'merk'.pluralize
=&gt; &quot;merken&quot;

&gt;&gt; Merk.delete_all
=&gt; 0

&gt;&gt; Merk.table_name
=&gt; &quot;merken&quot;</original-body>
  <latest-body>I've got some custom inflection rules. One is for 'merk', it lives in 'initialializers/inflections.rb':

 ActiveSupport::Inflector.inflections do |inflect|
   inflect.irregular 'merk', 'merken'
 end

But when I run rake test:units, I get an error:

test_truth(BrandstofTest):
ActiveRecord::StatementInvalid: SQLite3::SQLException: no such table: merks: DELETE FROM &quot;merks&quot; WHERE 1=1

So, I think the custom inflection rules aren't loaded during these unit tests. However, if I go into 'script/console test', these rules work fine!

&gt;&gt; 'merk'.pluralize
=&gt; &quot;merken&quot;

&gt;&gt; Merk.delete_all
=&gt; 0

&gt;&gt; Merk.table_name
=&gt; &quot;merken&quot;</latest-body>
  <original-body-html>&lt;div&gt;&lt;p&gt;I've got some custom inflection rules. One is for 'merk', it
lives in 'initialializers/inflections.rb':&lt;/p&gt;
&lt;p&gt;ActiveSupport::Inflector.inflections do |inflect|
inflect.irregular 'merk', 'merken' end&lt;/p&gt;
&lt;p&gt;But when I run rake test:units, I get an error:&lt;/p&gt;
&lt;p&gt;test_truth(BrandstofTest): ActiveRecord::StatementInvalid:
SQLite3::SQLException: no such table: merks: DELETE FROM &quot;merks&quot;
WHERE 1=1&lt;/p&gt;
&lt;p&gt;So, I think the custom inflection rules aren't loaded during
these unit tests. However, if I go into 'script/console test',
these rules work fine!&lt;/p&gt;
&lt;blockquote&gt;
&lt;blockquote&gt;
&lt;p&gt;'merk'.pluralize =&amp;gt; &quot;merken&quot;&lt;/p&gt;
&lt;p&gt;Merk.delete_all =&amp;gt; 0&lt;/p&gt;
&lt;p&gt;Merk.table_name =&amp;gt; &quot;merken&quot;&lt;/p&gt;
&lt;/blockquote&gt;
&lt;/blockquote&gt;&lt;/div&gt;</original-body-html>
  <versions type="array">
    <version type="Ticket::Version">
      <assigned-user-id type="integer" nil="true"></assigned-user-id>
      <attachments-count type="integer">0</attachments-count>
      <body>I've got some custom inflection rules. One is for 'merk', it lives in 'initialializers/inflections.rb':

 ActiveSupport::Inflector.inflections do |inflect|
   inflect.irregular 'merk', 'merken'
 end

But when I run rake test:units, I get an error:

test_truth(BrandstofTest):
ActiveRecord::StatementInvalid: SQLite3::SQLException: no such table: merks: DELETE FROM &quot;merks&quot; WHERE 1=1

So, I think the custom inflection rules aren't loaded during these unit tests. However, if I go into 'script/console test', these rules work fine!

&gt;&gt; 'merk'.pluralize
=&gt; &quot;merken&quot;

&gt;&gt; Merk.delete_all
=&gt; 0

&gt;&gt; Merk.table_name
=&gt; &quot;merken&quot;</body>
      <body-html>&lt;div&gt;&lt;p&gt;I've got some custom inflection rules. One is for 'merk', it
lives in 'initialializers/inflections.rb':&lt;/p&gt;
&lt;p&gt;ActiveSupport::Inflector.inflections do |inflect|
inflect.irregular 'merk', 'merken' end&lt;/p&gt;
&lt;p&gt;But when I run rake test:units, I get an error:&lt;/p&gt;
&lt;p&gt;test_truth(BrandstofTest): ActiveRecord::StatementInvalid:
SQLite3::SQLException: no such table: merks: DELETE FROM &quot;merks&quot;
WHERE 1=1&lt;/p&gt;
&lt;p&gt;So, I think the custom inflection rules aren't loaded during
these unit tests. However, if I go into 'script/console test',
these rules work fine!&lt;/p&gt;
&lt;blockquote&gt;
&lt;blockquote&gt;
&lt;p&gt;'merk'.pluralize =&amp;gt; &quot;merken&quot;&lt;/p&gt;
&lt;p&gt;Merk.delete_all =&amp;gt; 0&lt;/p&gt;
&lt;p&gt;Merk.table_name =&amp;gt; &quot;merken&quot;&lt;/p&gt;
&lt;/blockquote&gt;
&lt;/blockquote&gt;&lt;/div&gt;</body-html>
      <closed type="boolean">false</closed>
      <created-at type="datetime">2008-10-05T23:26:11+01:00</created-at>
      <creator-id type="integer">7256</creator-id>
      <diffable-attributes type="yaml">--- {}

</diffable-attributes>
      <milestone-id type="integer">9903</milestone-id>
      <number type="integer">1177</number>
      <permalink>rails-test-doesnt-load-initializers-when-unit-testing</permalink>
      <priority type="integer">0</priority>
      <project-id type="integer">8994</project-id>
      <state>new</state>
      <tag nil="true"></tag>
      <title>rails test doesn't load initializers when unit testing</title>
      <updated-at type="datetime">2008-10-05T23:26:16+01:00</updated-at>
      <user-id type="integer">7256</user-id>
      <version type="integer">1</version>
      <user-name>Leon Bogaert</user-name>
      <creator-name>Leon Bogaert</creator-name>
      <url>http://rails.lighthouseapp.com/projects/8994/tickets/1177</url>
      <milestone-title>2.x</milestone-title>
      <priority-name nil="true"></priority-name>
    </version>
    <version type="Ticket::Version">
      <assigned-user-id type="integer" nil="true"></assigned-user-id>
      <attachments-count type="integer">0</attachments-count>
      <body>Sorry, it was some bad fixture. This one can be closed.</body>
      <body-html>&lt;div&gt;&lt;p&gt;Sorry, it was some bad fixture. This one can be closed.&lt;/p&gt;&lt;/div&gt;</body-html>
      <closed type="boolean">false</closed>
      <created-at type="datetime">2008-10-06T14:25:03+01:00</created-at>
      <creator-id type="integer">7256</creator-id>
      <diffable-attributes type="yaml">--- {}

</diffable-attributes>
      <milestone-id type="integer">9903</milestone-id>
      <number type="integer">1177</number>
      <permalink>rails-test-doesnt-load-initializers-when-unit-testing</permalink>
      <priority type="integer">0</priority>
      <project-id type="integer">8994</project-id>
      <state>new</state>
      <tag nil="true"></tag>
      <title>rails test doesn't load initializers when unit testing</title>
      <updated-at type="datetime">2008-10-06T14:25:04+01:00</updated-at>
      <user-id type="integer">7256</user-id>
      <version type="integer">2</version>
      <user-name>Leon Bogaert</user-name>
      <creator-name>Leon Bogaert</creator-name>
      <url>http://rails.lighthouseapp.com/projects/8994/tickets/1177</url>
      <milestone-title>2.x</milestone-title>
      <priority-name nil="true"></priority-name>
    </version>
    <version type="Ticket::Version">
      <assigned-user-id type="integer" nil="true"></assigned-user-id>
      <attachments-count type="integer">0</attachments-count>
      <body></body>
      <body-html></body-html>
      <closed type="boolean">true</closed>
      <created-at type="datetime">2008-12-08T15:20:47+00:00</created-at>
      <creator-id type="integer">7256</creator-id>
      <diffable-attributes type="yaml">--- 
:state: new
</diffable-attributes>
      <milestone-id type="integer">9903</milestone-id>
      <number type="integer">1177</number>
      <permalink>rails-test-doesnt-load-initializers-when-unit-testing</permalink>
      <priority type="integer">0</priority>
      <project-id type="integer">8994</project-id>
      <state>invalid</state>
      <tag nil="true"></tag>
      <title>rails test doesn't load initializers when unit testing</title>
      <updated-at type="datetime">2008-12-08T15:20:49+00:00</updated-at>
      <user-id type="integer">17477</user-id>
      <version type="integer">3</version>
      <user-name>Frederick Cheung</user-name>
      <creator-name>Leon Bogaert</creator-name>
      <url>http://rails.lighthouseapp.com/projects/8994/tickets/1177</url>
      <milestone-title>2.x</milestone-title>
      <priority-name nil="true"></priority-name>
    </version>
  </versions>
</ticket>
