<?xml version="1.0" encoding="UTF-8"?>
<ticket>
  <assigned-user-id type="integer">14998</assigned-user-id>
  <attachments-count type="integer">0</attachments-count>
  <closed type="boolean">true</closed>
  <created-at type="datetime">2009-10-04T05:39:15+01:00</created-at>
  <creator-id type="integer">71913</creator-id>
  <milestone-due-on type="datetime" nil="true"></milestone-due-on>
  <milestone-id type="integer" nil="true"></milestone-id>
  <number type="integer">3319</number>
  <permalink>trying-to-install-but-i-have-a-error-message</permalink>
  <priority type="integer">157288</priority>
  <project-id type="integer">8994</project-id>
  <raw-data type="binary" nil="true" encoding="base64"></raw-data>
  <state>invalid</state>
  <tag nil="true"></tag>
  <title>Trying to install but I have a error message</title>
  <updated-at type="datetime">2010-04-11T03:48:16+01:00</updated-at>
  <user-id type="integer">14998</user-id>
  <version type="integer">4</version>
  <user-name>Ryan Bigg</user-name>
  <creator-name>Orlando Fuller</creator-name>
  <assigned-user-name>Ryan Bigg</assigned-user-name>
  <url>http://rails.lighthouseapp.com/projects/8994/tickets/3319</url>
  <priority-name nil="true"></priority-name>
  <original-body>I have no clue what gone wrong. I'm using a mac 10.5 and i've gotten to the make test part and it say error 1. Can someone please help. Thank you.</original-body>
  <latest-body>I have no clue what gone wrong. I'm using a mac 10.5 and i've gotten to the make test part and it say error 1. Can someone please help. Thank you.</latest-body>
  <original-body-html>&lt;div&gt;&lt;p&gt;I have no clue what gone wrong. I'm using a mac 10.5 and i've
gotten to the make test part and it say error 1. Can someone please
help. Thank you.&lt;/p&gt;&lt;/div&gt;</original-body-html>
  <versions type="array">
    <version type="Ticket::Version">
      <assigned-user-id type="integer" nil="true"></assigned-user-id>
      <attachments-count type="integer">0</attachments-count>
      <body>I have no clue what gone wrong. I'm using a mac 10.5 and i've gotten to the make test part and it say error 1. Can someone please help. Thank you.</body>
      <body-html>&lt;div&gt;&lt;p&gt;I have no clue what gone wrong. I'm using a mac 10.5 and i've
gotten to the make test part and it say error 1. Can someone please
help. Thank you.&lt;/p&gt;&lt;/div&gt;</body-html>
      <closed type="boolean">false</closed>
      <created-at type="datetime">2009-10-04T05:39:15+01:00</created-at>
      <creator-id type="integer">71913</creator-id>
      <diffable-attributes type="yaml">--- {}

</diffable-attributes>
      <milestone-id type="integer" nil="true"></milestone-id>
      <number type="integer">3319</number>
      <permalink>trying-to-install-but-i-have-a-error-message</permalink>
      <priority type="integer">0</priority>
      <project-id type="integer">8994</project-id>
      <state>new</state>
      <tag nil="true"></tag>
      <title>Trying to install but I have a error message</title>
      <updated-at type="datetime">2009-10-04T05:39:18+01:00</updated-at>
      <user-id type="integer">71913</user-id>
      <version type="integer">1</version>
      <user-name>Orlando Fuller</user-name>
      <creator-name>Orlando Fuller</creator-name>
      <assigned-user-name nil="true"></assigned-user-name>
      <url>http://rails.lighthouseapp.com/projects/8994/tickets/3319</url>
      <priority-name nil="true"></priority-name>
    </version>
    <version type="Ticket::Version">
      <assigned-user-id type="integer" nil="true"></assigned-user-id>
      <attachments-count type="integer">0</attachments-count>
      <body>Here is what it says:

compiling Win32API
make[1]: Nothing to be done for `static'.
compiling bigdecimal
make[1]: Nothing to be done for `static'.
compiling curses
make[1]: Nothing to be done for `static'.
compiling dbm
make[1]: Nothing to be done for `static'.
compiling digest
cp /Users/orlandofuller/Downloads/ruby/ruby-1.8.7-p174/ext/digest/lib/digest.rb ../../.ext/common
cp /Users/orlandofuller/Downloads/ruby/ruby-1.8.7-p174/ext/digest/lib/md5.rb ../../.ext/common
cp /Users/orlandofuller/Downloads/ruby/ruby-1.8.7-p174/ext/digest/lib/sha1.rb ../../.ext/common
cp /Users/orlandofuller/Downloads/ruby/ruby-1.8.7-p174/ext/digest/digest.h ../../.ext/i686-darwin9.8.0
compiling digest/md5
make[1]: Nothing to be done for `static'.
compiling digest/rmd160
make[1]: Nothing to be done for `static'.
compiling digest/sha1
make[1]: Nothing to be done for `static'.
compiling digest/sha2
make[1]: Nothing to be done for `static'.
compiling dl
cp dlconfig.h ../../.ext/i686-darwin9.8.0
cp /Users/orlandofuller/Downloads/ruby/ruby-1.8.7-p174/ext/dl/dl.h ../../.ext/i686-darwin9.8.0
compiling enumerator
make[1]: Nothing to be done for `all'.
compiling etc
make[1]: Nothing to be done for `static'.
compiling fcntl
make[1]: Nothing to be done for `static'.
compiling gdbm
make[1]: Nothing to be done for `static'.
compiling iconv
make[1]: Nothing to be done for `static'.
compiling io/wait
make[1]: Nothing to be done for `static'.
compiling nkf
cp /Users/orlandofuller/Downloads/ruby/ruby-1.8.7-p174/ext/nkf/lib/kconv.rb ../../.ext/common
compiling pty
cp /Users/orlandofuller/Downloads/ruby/ruby-1.8.7-p174/ext/pty/lib/expect.rb ../../.ext/common
compiling openssl
cp /Users/orlandofuller/Downloads/ruby/ruby-1.8.7-p174/ext/openssl/lib/openssl.rb ../../.ext/common
compiling racc/cparse
make[1]: Nothing to be done for `static'.
compiling readline
make[1]: Nothing to be done for `static'.
compiling sdbm
make[1]: Nothing to be done for `static'.
compiling socket
make[1]: Nothing to be done for `static'.
compiling stringio
make[1]: Nothing to be done for `static'.
compiling strscan
make[1]: Nothing to be done for `static'.
compiling syck
make[1]: Nothing to be done for `static'.
compiling syslog
make[1]: Nothing to be done for `static'.
compiling tcltklib
make[1]: Nothing to be done for `all'.
compiling thread
make[1]: Nothing to be done for `static'.
compiling tk
make[1]: Nothing to be done for `static'.
compiling win32ole
make[1]: Nothing to be done for `static'.
compiling zlib
make[1]: Nothing to be done for `static'.
compiling digest/bubblebabble
make[1]: Nothing to be done for `all'.
compiling tk/tkutil
make[1]: Nothing to be done for `all'.
LIBRUBY_SO_UPDATE=$(LIBRUBY_EXTS)
SETUP=/Users/orlandofuller/Downloads/ruby/ruby-1.8.7-p174/ext/Setup
EXTOBJS=ext/extinit.o ext/bigdecimal/bigdecimal.a ext/curses/curses.a ext/dbm/dbm.a ext/digest/digest.a ext/digest/md5/md5.a ext/digest/rmd160/rmd160.a ext/digest/sha1/sha1.a ext/digest/sha2/sha2.a ext/dl/dl.a ext/etc/etc.a ext/fcntl/fcntl.a ext/iconv/iconv.a ext/io/wait/wait.a ext/nkf/nkf.a ext/pty/pty.a ext/openssl/openssl.a ext/racc/cparse/cparse.a ext/readline/readline.a ext/sdbm/sdbm.a ext/socket/socket.a ext/stringio/stringio.a ext/strscan/strscan.a ext/syck/syck.a ext/syslog/syslog.a ext/thread/thread.a ext/zlib/zlib.a
EXTLIBS=-lreadline -lncurses -ltermcap -lssl -lcrypto -ldl -liconv -lutil -lz
EXTLDFLAGS=-L. -L.
making ruby
rm: ruby: is a directory
make[1]: *** [ruby] Error 1
make: *** [all] Error 2</body>
      <body-html>&lt;div&gt;&lt;p&gt;Here is what it says:&lt;/p&gt;
&lt;p&gt;compiling Win32API&lt;br&gt;
make[1]: Nothing to be done for &lt;code&gt;static'.&amp;lt;br/&amp;gt; compiling
bigdecimal&amp;lt;br/&amp;gt; make[1]: Nothing to be done
for&lt;/code&gt;static'.&lt;br&gt;
compiling curses&lt;br&gt;
make[1]: Nothing to be done for &lt;code&gt;static'.&amp;lt;br/&amp;gt; compiling
dbm&amp;lt;br/&amp;gt; make[1]: Nothing to be done for&lt;/code&gt;static'.&lt;br&gt;
compiling digest&lt;br&gt;
cp
/Users/orlandofuller/Downloads/ruby/ruby-1.8.7-p174/ext/digest/lib/digest.rb
../../.ext/common&lt;br&gt;
cp
/Users/orlandofuller/Downloads/ruby/ruby-1.8.7-p174/ext/digest/lib/md5.rb
../../.ext/common&lt;br&gt;
cp
/Users/orlandofuller/Downloads/ruby/ruby-1.8.7-p174/ext/digest/lib/sha1.rb
../../.ext/common&lt;br&gt;
cp
/Users/orlandofuller/Downloads/ruby/ruby-1.8.7-p174/ext/digest/digest.h
../../.ext/i686-darwin9.8.0&lt;br&gt;
compiling digest/md5&lt;br&gt;
make[1]: Nothing to be done for &lt;code&gt;static'.&amp;lt;br/&amp;gt; compiling
digest/rmd160&amp;lt;br/&amp;gt; make[1]: Nothing to be done
for&lt;/code&gt;static'.&lt;br&gt;
compiling digest/sha1&lt;br&gt;
make[1]: Nothing to be done for &lt;code&gt;static'.&amp;lt;br/&amp;gt; compiling
digest/sha2&amp;lt;br/&amp;gt; make[1]: Nothing to be done
for&lt;/code&gt;static'.&lt;br&gt;
compiling dl&lt;br&gt;
cp dlconfig.h ../../.ext/i686-darwin9.8.0&lt;br&gt;
cp /Users/orlandofuller/Downloads/ruby/ruby-1.8.7-p174/ext/dl/dl.h
../../.ext/i686-darwin9.8.0&lt;br&gt;
compiling enumerator&lt;br&gt;
make[1]: Nothing to be done for &lt;code&gt;all'.&amp;lt;br/&amp;gt; compiling
etc&amp;lt;br/&amp;gt; make[1]: Nothing to be done for&lt;/code&gt;static'.&lt;br&gt;
compiling fcntl&lt;br&gt;
make[1]: Nothing to be done for &lt;code&gt;static'.&amp;lt;br/&amp;gt; compiling
gdbm&amp;lt;br/&amp;gt; make[1]: Nothing to be done for&lt;/code&gt;static'.&lt;br&gt;
compiling iconv&lt;br&gt;
make[1]: Nothing to be done for &lt;code&gt;static'.&amp;lt;br/&amp;gt; compiling
io/wait&amp;lt;br/&amp;gt; make[1]: Nothing to be done
for&lt;/code&gt;static'.&lt;br&gt;
compiling nkf&lt;br&gt;
cp
/Users/orlandofuller/Downloads/ruby/ruby-1.8.7-p174/ext/nkf/lib/kconv.rb
../../.ext/common&lt;br&gt;
compiling pty&lt;br&gt;
cp
/Users/orlandofuller/Downloads/ruby/ruby-1.8.7-p174/ext/pty/lib/expect.rb
../../.ext/common&lt;br&gt;
compiling openssl&lt;br&gt;
cp
/Users/orlandofuller/Downloads/ruby/ruby-1.8.7-p174/ext/openssl/lib/openssl.rb
../../.ext/common&lt;br&gt;
compiling racc/cparse&lt;br&gt;
make[1]: Nothing to be done for &lt;code&gt;static'.&amp;lt;br/&amp;gt; compiling
readline&amp;lt;br/&amp;gt; make[1]: Nothing to be done
for&lt;/code&gt;static'.&lt;br&gt;
compiling sdbm&lt;br&gt;
make[1]: Nothing to be done for &lt;code&gt;static'.&amp;lt;br/&amp;gt; compiling
socket&amp;lt;br/&amp;gt; make[1]: Nothing to be done
for&lt;/code&gt;static'.&lt;br&gt;
compiling stringio&lt;br&gt;
make[1]: Nothing to be done for &lt;code&gt;static'.&amp;lt;br/&amp;gt; compiling
strscan&amp;lt;br/&amp;gt; make[1]: Nothing to be done
for&lt;/code&gt;static'.&lt;br&gt;
compiling syck&lt;br&gt;
make[1]: Nothing to be done for &lt;code&gt;static'.&amp;lt;br/&amp;gt; compiling
syslog&amp;lt;br/&amp;gt; make[1]: Nothing to be done
for&lt;/code&gt;static'.&lt;br&gt;
compiling tcltklib&lt;br&gt;
make[1]: Nothing to be done for &lt;code&gt;all'.&amp;lt;br/&amp;gt; compiling
thread&amp;lt;br/&amp;gt; make[1]: Nothing to be done
for&lt;/code&gt;static'.&lt;br&gt;
compiling tk&lt;br&gt;
make[1]: Nothing to be done for &lt;code&gt;static'.&amp;lt;br/&amp;gt; compiling
win32ole&amp;lt;br/&amp;gt; make[1]: Nothing to be done
for&lt;/code&gt;static'.&lt;br&gt;
compiling zlib&lt;br&gt;
make[1]: Nothing to be done for &lt;code&gt;static'.&amp;lt;br/&amp;gt; compiling
digest/bubblebabble&amp;lt;br/&amp;gt; make[1]: Nothing to be done
for&lt;/code&gt;all'.&lt;br&gt;
compiling tk/tkutil&lt;br&gt;
make[1]: Nothing to be done for &lt;code&gt;all'.&amp;lt;br/&amp;gt;
=$(LIBRUBY_EXTS)
SETUP=/Users/orlandofuller/Downloads/ruby/ruby-1.8.7-p174/ext/Setup&amp;lt;br/&amp;gt;
EXTOBJS=ext/extinit.o ext/bigdecimal/bigdecimal.a
ext/curses/curses.a ext/dbm/dbm.a ext/digest/digest.a
ext/digest/md5/md5.a ext/digest/rmd160/rmd160.a
ext/digest/sha1/sha1.a ext/digest/sha2/sha2.a ext/dl/dl.a
ext/etc/etc.a ext/fcntl/fcntl.a ext/iconv/iconv.a
ext/io/wait/wait.a ext/nkf/nkf.a ext/pty/pty.a
ext/openssl/openssl.a ext/racc/cparse/cparse.a
ext/readline/readline.a ext/sdbm/sdbm.a ext/socket/socket.a
ext/stringio/stringio.a ext/strscan/strscan.a ext/syck/syck.a
ext/syslog/syslog.a ext/thread/thread.a ext/zlib/zlib.a&amp;lt;br/&amp;gt;
EXTLIBS=-lreadline -lncurses -ltermcap -lssl -lcrypto -ldl -liconv
-lutil -lz&amp;lt;br/&amp;gt; EXTLDFLAGS=-L. -L.&amp;lt;br/&amp;gt; making
ruby&amp;lt;br/&amp;gt; rm: ruby: is a directory&amp;lt;br/&amp;gt; make[1]: ***
[ruby] Error 1&amp;lt;br/&amp;gt; make: *** [all] Error 2&lt;/code&gt;&lt;/p&gt;&lt;/div&gt;</body-html>
      <closed type="boolean">false</closed>
      <created-at type="datetime">2009-10-04T05:43:19+01:00</created-at>
      <creator-id type="integer">71913</creator-id>
      <diffable-attributes type="yaml">--- {}

</diffable-attributes>
      <milestone-id type="integer" nil="true"></milestone-id>
      <number type="integer">3319</number>
      <permalink>trying-to-install-but-i-have-a-error-message</permalink>
      <priority type="integer">0</priority>
      <project-id type="integer">8994</project-id>
      <state>new</state>
      <tag nil="true"></tag>
      <title>Trying to install but I have a error message</title>
      <updated-at type="datetime">2009-10-04T05:43:21+01:00</updated-at>
      <user-id type="integer">71913</user-id>
      <version type="integer">2</version>
      <user-name>Orlando Fuller</user-name>
      <creator-name>Orlando Fuller</creator-name>
      <assigned-user-name nil="true"></assigned-user-name>
      <url>http://rails.lighthouseapp.com/projects/8994/tickets/3319</url>
      <priority-name nil="true"></priority-name>
    </version>
    <version type="Ticket::Version">
      <assigned-user-id type="integer">14998</assigned-user-id>
      <attachments-count type="integer">0</attachments-count>
      <body></body>
      <body-html></body-html>
      <closed type="boolean">false</closed>
      <created-at type="datetime">2010-04-11T03:38:37+01:00</created-at>
      <creator-id type="integer">71913</creator-id>
      <diffable-attributes type="yaml">--- 
:assigned_user: 
</diffable-attributes>
      <milestone-id type="integer" nil="true"></milestone-id>
      <number type="integer">3319</number>
      <permalink>trying-to-install-but-i-have-a-error-message</permalink>
      <priority type="integer">0</priority>
      <project-id type="integer">8994</project-id>
      <state>new</state>
      <tag nil="true"></tag>
      <title>Trying to install but I have a error message</title>
      <updated-at type="datetime">2010-04-11T03:38:38+01:00</updated-at>
      <user-id type="integer">22164</user-id>
      <version type="integer">3</version>
      <user-name>Roland Moriz</user-name>
      <creator-name>Orlando Fuller</creator-name>
      <assigned-user-name>Ryan Bigg</assigned-user-name>
      <url>http://rails.lighthouseapp.com/projects/8994/tickets/3319</url>
      <priority-name nil="true"></priority-name>
    </version>
    <version type="Ticket::Version">
      <assigned-user-id type="integer">14998</assigned-user-id>
      <attachments-count type="integer">0</attachments-count>
      <body>This is a Ruby issue, not a Rails issue.</body>
      <body-html>&lt;div&gt;&lt;p&gt;This is a Ruby issue, not a Rails issue.&lt;/p&gt;&lt;/div&gt;</body-html>
      <closed type="boolean">true</closed>
      <created-at type="datetime">2010-04-11T03:48:11+01:00</created-at>
      <creator-id type="integer">71913</creator-id>
      <diffable-attributes type="yaml">--- 
:state: new
</diffable-attributes>
      <milestone-id type="integer" nil="true"></milestone-id>
      <number type="integer">3319</number>
      <permalink>trying-to-install-but-i-have-a-error-message</permalink>
      <priority type="integer">0</priority>
      <project-id type="integer">8994</project-id>
      <state>invalid</state>
      <tag nil="true"></tag>
      <title>Trying to install but I have a error message</title>
      <updated-at type="datetime">2010-04-11T03:48:16+01:00</updated-at>
      <user-id type="integer">14998</user-id>
      <version type="integer">4</version>
      <user-name>Ryan Bigg</user-name>
      <creator-name>Orlando Fuller</creator-name>
      <assigned-user-name>Ryan Bigg</assigned-user-name>
      <url>http://rails.lighthouseapp.com/projects/8994/tickets/3319</url>
      <priority-name nil="true"></priority-name>
    </version>
  </versions>
</ticket>
