<?xml version="1.0" encoding="UTF-8"?>
<ticket>
  <assigned-user-id type="integer" nil="true"></assigned-user-id>
  <attachments-count type="integer">0</attachments-count>
  <closed type="boolean">true</closed>
  <created-at type="datetime">2009-11-17T16:59:03+00:00</created-at>
  <creator-id type="integer">76875</creator-id>
  <milestone-due-on type="datetime" nil="true"></milestone-due-on>
  <milestone-id type="integer" nil="true"></milestone-id>
  <number type="integer">3490</number>
  <permalink>functional-testing-with-validation-with-full_messages</permalink>
  <priority type="integer">177729</priority>
  <project-id type="integer">8994</project-id>
  <raw-data type="binary" nil="true" encoding="base64"></raw-data>
  <state>invalid</state>
  <tag>2.3.4 activerecord i18n validation</tag>
  <title>functional testing with validation with full_messages</title>
  <updated-at type="datetime">2010-10-06T06:31:43+01:00</updated-at>
  <user-id type="integer">89656</user-id>
  <version type="integer">3</version>
  <user-name>Rohit Arondekar</user-name>
  <creator-name>michalb82</creator-name>
  <url>http://rails.lighthouseapp.com/projects/8994/tickets/3490</url>
  <priority-name nil="true"></priority-name>
  <original-body>Rails version 2.3.4

----------- Running a functional test: --------------

Exception: translation missing: pl, activerecord, errors, models, user,
attributes, email, email_short
app/views/users/new.pl.html.erb:3

    1: &lt;h1&gt;Rejestracja nowego u&#380;ytkownika&lt;/h1&gt;
    2:
    3: &lt;%= error_messages_for :user %&gt;
    4: &lt;% form_for :user, :url =&gt; users_path do |f| -%&gt;
    5:
    6: &lt;p&gt;&lt;label for=&quot;login&quot;&gt;Nazwa u&#380;ytkownika
&lt;%=req_field%&gt;&lt;/label&gt;&lt;br/&gt;

    app/views/users/new.pl.html.erb:3
    app/controllers/users_controller.rb:59:in `create'
    /test/functional/users_controller_test.rb:91:in `create_user'
    /test/functional/users_controller_test.rb:53:in
`test_should_require_email_on_signup'
    /test/functional/users_controller_test.rb:52:in
`test_should_require_email_on_signup'
    /usr/lib/ruby/1.8/test/unit/testsuite.rb:34:in `run'
    /usr/lib/ruby/1.8/test/unit/testsuite.rb:33:in `each'
    /usr/lib/ruby/1.8/test/unit/testsuite.rb:33:in `run'
    /usr/lib/ruby/1.8/test/unit/testsuite.rb:34:in `run'
    /usr/lib/ruby/1.8/test/unit/testsuite.rb:33:in `each'
    /usr/lib/ruby/1.8/test/unit/testsuite.rb:33:in `run'
    /usr/lib/ruby/1.8/test/unit/ui/testrunnermediator.rb:46:in
`run_suite'
    /home/wojtek/workspace_galileo/.metadata/.plugins/org.rubypeople.rdt.testunit/ruby/RemoteTestRunner.rb:117:in
`start_mediator'
    /home/wojtek/workspace_galileo/.metadata/.plugins/org.rubypeople.rdt.testunit/ruby/RemoteTestRunner.rb:62:in
`start'
    /home/wojtek/workspace_galileo/.metadata/.plugins/org.rubypeople.rdt.testunit/ruby/RemoteTestRunner.rb:328

-------------- My model users.rb ------------------

validates_length_of       :email,    :within =&gt; 3..100, :too_short =&gt;
:email_short, :too_long =&gt; :email_long


---------  My translations in pl.yml  -------------
The below works when i use the application the standard way through WWW.
this does not get read only within test envifronment.

pl:
(...)
  activerecord:
    (...)
    errors:
      (...)
      full_messages:
        email_short: &quot;my message 1 {{count}}&quot;
        email_long: &quot;my message 2 {{count}}&quot;

(...)


---------------- QUESTION/BUG? -------------------------

How do I avoid this testing error? I am not using this translation node
&quot; pl, activerecord, errors, models, user, attributes, email,
email_short&quot; but a full_mesage instead (cos I need a specific message,
not a {attribute} {message} pair, it will not work in my language).</original-body>
  <latest-body>Rails version 2.3.4

----------- Running a functional test: --------------

Exception: translation missing: pl, activerecord, errors, models, user,
attributes, email, email_short
app/views/users/new.pl.html.erb:3

    1: &lt;h1&gt;Rejestracja nowego u&#380;ytkownika&lt;/h1&gt;
    2:
    3: &lt;%= error_messages_for :user %&gt;
    4: &lt;% form_for :user, :url =&gt; users_path do |f| -%&gt;
    5:
    6: &lt;p&gt;&lt;label for=&quot;login&quot;&gt;Nazwa u&#380;ytkownika
&lt;%=req_field%&gt;&lt;/label&gt;&lt;br/&gt;

    app/views/users/new.pl.html.erb:3
    app/controllers/users_controller.rb:59:in `create'
    /test/functional/users_controller_test.rb:91:in `create_user'
    /test/functional/users_controller_test.rb:53:in
`test_should_require_email_on_signup'
    /test/functional/users_controller_test.rb:52:in
`test_should_require_email_on_signup'
    /usr/lib/ruby/1.8/test/unit/testsuite.rb:34:in `run'
    /usr/lib/ruby/1.8/test/unit/testsuite.rb:33:in `each'
    /usr/lib/ruby/1.8/test/unit/testsuite.rb:33:in `run'
    /usr/lib/ruby/1.8/test/unit/testsuite.rb:34:in `run'
    /usr/lib/ruby/1.8/test/unit/testsuite.rb:33:in `each'
    /usr/lib/ruby/1.8/test/unit/testsuite.rb:33:in `run'
    /usr/lib/ruby/1.8/test/unit/ui/testrunnermediator.rb:46:in
`run_suite'
    /home/wojtek/workspace_galileo/.metadata/.plugins/org.rubypeople.rdt.testunit/ruby/RemoteTestRunner.rb:117:in
`start_mediator'
    /home/wojtek/workspace_galileo/.metadata/.plugins/org.rubypeople.rdt.testunit/ruby/RemoteTestRunner.rb:62:in
`start'
    /home/wojtek/workspace_galileo/.metadata/.plugins/org.rubypeople.rdt.testunit/ruby/RemoteTestRunner.rb:328

-------------- My model users.rb ------------------

validates_length_of       :email,    :within =&gt; 3..100, :too_short =&gt;
:email_short, :too_long =&gt; :email_long


---------  My translations in pl.yml  -------------
The below works when i use the application the standard way through WWW.
this does not get read only within test envifronment.

pl:
(...)
  activerecord:
    (...)
    errors:
      (...)
      full_messages:
        email_short: &quot;my message 1 {{count}}&quot;
        email_long: &quot;my message 2 {{count}}&quot;

(...)


---------------- QUESTION/BUG? -------------------------

How do I avoid this testing error? I am not using this translation node
&quot; pl, activerecord, errors, models, user, attributes, email,
email_short&quot; but a full_mesage instead (cos I need a specific message,
not a {attribute} {message} pair, it will not work in my language).</latest-body>
  <original-body-html>&lt;div&gt;&lt;p&gt;Rails version 2.3.4&lt;/p&gt;
&lt;p&gt;----------- Running a functional test: --------------&lt;/p&gt;
&lt;p&gt;Exception: translation missing: pl, activerecord, errors,
models, user,&lt;br&gt;
attributes, email, email_short&lt;br&gt;
app/views/users/new.pl.html.erb:3&lt;/p&gt;
&lt;pre&gt;
&lt;code&gt;1: &amp;lt;h1&amp;gt;Rejestracja nowego u&amp;#380;ytkownika&amp;lt;/h1&amp;gt;
2:
3: &amp;lt;%= error_messages_for :user %&amp;gt;
4: &amp;lt;% form_for :user, :url =&amp;gt; users_path do |f| -%&amp;gt;
5:
6: &amp;lt;p&amp;gt;&amp;lt;label for=&quot;login&quot;&amp;gt;Nazwa u&amp;#380;ytkownika&lt;/code&gt;
&lt;/pre&gt;
&lt;p&gt;&amp;lt;%=req_field%&amp;gt;&lt;br&gt;&lt;/p&gt;
&lt;pre&gt;
&lt;code&gt;app/views/users/new.pl.html.erb:3
app/controllers/users_controller.rb:59:in `create'
/test/functional/users_controller_test.rb:91:in `create_user'
/test/functional/users_controller_test.rb:53:in&lt;/code&gt;
&lt;/pre&gt;
&lt;p&gt;&lt;code&gt;test_should_require_email_on_signup'&lt;/code&gt;&lt;/p&gt;
&lt;pre&gt;
&lt;code&gt;/test/functional/users_controller_test.rb:52:in&lt;/code&gt;
&lt;/pre&gt;
&lt;p&gt;&lt;code&gt;test_should_require_email_on_signup'&lt;/code&gt;&lt;/p&gt;
&lt;pre&gt;
&lt;code&gt;/usr/lib/ruby/1.8/test/unit/testsuite.rb:34:in `run'
/usr/lib/ruby/1.8/test/unit/testsuite.rb:33:in `each'
/usr/lib/ruby/1.8/test/unit/testsuite.rb:33:in `run'
/usr/lib/ruby/1.8/test/unit/testsuite.rb:34:in `run'
/usr/lib/ruby/1.8/test/unit/testsuite.rb:33:in `each'
/usr/lib/ruby/1.8/test/unit/testsuite.rb:33:in `run'
/usr/lib/ruby/1.8/test/unit/ui/testrunnermediator.rb:46:in&lt;/code&gt;
&lt;/pre&gt;
&lt;p&gt;&lt;code&gt;run_suite'&lt;/code&gt;&lt;/p&gt;
&lt;pre&gt;
&lt;code&gt;/home/wojtek/workspace_galileo/.metadata/.plugins/org.rubypeople.rdt.testunit/ruby/RemoteTestRunner.rb:117:in&lt;/code&gt;
&lt;/pre&gt;
&lt;p&gt;&lt;code&gt;start_mediator'&lt;/code&gt;&lt;/p&gt;
&lt;pre&gt;
&lt;code&gt;/home/wojtek/workspace_galileo/.metadata/.plugins/org.rubypeople.rdt.testunit/ruby/RemoteTestRunner.rb:62:in&lt;/code&gt;
&lt;/pre&gt;
&lt;p&gt;&lt;code&gt;start'&lt;/code&gt;&lt;/p&gt;
&lt;pre&gt;
&lt;code&gt;/home/wojtek/workspace_galileo/.metadata/.plugins/org.rubypeople.rdt.testunit/ruby/RemoteTestRunner.rb:328&lt;/code&gt;
&lt;/pre&gt;
&lt;p&gt;-------------- My model users.rb ------------------&lt;/p&gt;
&lt;p&gt;validates_length_of :email, :within =&amp;gt; 3..100, :too_short
=&amp;gt;&lt;br&gt;
:email_short, :too_long =&amp;gt; :email_long&lt;/p&gt;
&lt;p&gt;--------- My translations in pl.yml ------------- The below
works when i use the application the standard way through WWW.&lt;br&gt;
this does not get read only within test envifronment.&lt;/p&gt;
&lt;p&gt;pl:&lt;br&gt;
(...) activerecord:&lt;/p&gt;
&lt;pre&gt;
&lt;code&gt;(...)
errors:
  (...)
  full_messages:
    email_short: &quot;my message 1 {{count}}&quot;
    email_long: &quot;my message 2 {{count}}&quot;&lt;/code&gt;
&lt;/pre&gt;
&lt;p&gt;(...)&lt;/p&gt;
&lt;p&gt;---------------- QUESTION/BUG? -------------------------&lt;/p&gt;
&lt;p&gt;How do I avoid this testing error? I am not using this
translation node&lt;br&gt;
&quot; pl, activerecord, errors, models, user, attributes, email,
email_short&quot; but a full_mesage instead (cos I need a specific
message,&lt;br&gt;
not a {attribute} {message} pair, it will not work in my
language).&lt;/p&gt;&lt;/div&gt;</original-body-html>
  <versions type="array">
    <version type="Ticket::Version">
      <assigned-user-id type="integer" nil="true"></assigned-user-id>
      <attachments-count type="integer">0</attachments-count>
      <body>Rails version 2.3.4

----------- Running a functional test: --------------

Exception: translation missing: pl, activerecord, errors, models, user,
attributes, email, email_short
app/views/users/new.pl.html.erb:3

    1: &lt;h1&gt;Rejestracja nowego u&#380;ytkownika&lt;/h1&gt;
    2:
    3: &lt;%= error_messages_for :user %&gt;
    4: &lt;% form_for :user, :url =&gt; users_path do |f| -%&gt;
    5:
    6: &lt;p&gt;&lt;label for=&quot;login&quot;&gt;Nazwa u&#380;ytkownika
&lt;%=req_field%&gt;&lt;/label&gt;&lt;br/&gt;

    app/views/users/new.pl.html.erb:3
    app/controllers/users_controller.rb:59:in `create'
    /test/functional/users_controller_test.rb:91:in `create_user'
    /test/functional/users_controller_test.rb:53:in
`test_should_require_email_on_signup'
    /test/functional/users_controller_test.rb:52:in
`test_should_require_email_on_signup'
    /usr/lib/ruby/1.8/test/unit/testsuite.rb:34:in `run'
    /usr/lib/ruby/1.8/test/unit/testsuite.rb:33:in `each'
    /usr/lib/ruby/1.8/test/unit/testsuite.rb:33:in `run'
    /usr/lib/ruby/1.8/test/unit/testsuite.rb:34:in `run'
    /usr/lib/ruby/1.8/test/unit/testsuite.rb:33:in `each'
    /usr/lib/ruby/1.8/test/unit/testsuite.rb:33:in `run'
    /usr/lib/ruby/1.8/test/unit/ui/testrunnermediator.rb:46:in
`run_suite'
    /home/wojtek/workspace_galileo/.metadata/.plugins/org.rubypeople.rdt.testunit/ruby/RemoteTestRunner.rb:117:in
`start_mediator'
    /home/wojtek/workspace_galileo/.metadata/.plugins/org.rubypeople.rdt.testunit/ruby/RemoteTestRunner.rb:62:in
`start'
    /home/wojtek/workspace_galileo/.metadata/.plugins/org.rubypeople.rdt.testunit/ruby/RemoteTestRunner.rb:328

-------------- My model users.rb ------------------

validates_length_of       :email,    :within =&gt; 3..100, :too_short =&gt;
:email_short, :too_long =&gt; :email_long


---------  My translations in pl.yml  -------------
The below works when i use the application the standard way through WWW.
this does not get read only within test envifronment.

pl:
(...)
  activerecord:
    (...)
    errors:
      (...)
      full_messages:
        email_short: &quot;my message 1 {{count}}&quot;
        email_long: &quot;my message 2 {{count}}&quot;

(...)


---------------- QUESTION/BUG? -------------------------

How do I avoid this testing error? I am not using this translation node
&quot; pl, activerecord, errors, models, user, attributes, email,
email_short&quot; but a full_mesage instead (cos I need a specific message,
not a {attribute} {message} pair, it will not work in my language).</body>
      <body-html>&lt;div&gt;&lt;p&gt;Rails version 2.3.4&lt;/p&gt;
&lt;p&gt;----------- Running a functional test: --------------&lt;/p&gt;
&lt;p&gt;Exception: translation missing: pl, activerecord, errors,
models, user,&lt;br&gt;
attributes, email, email_short&lt;br&gt;
app/views/users/new.pl.html.erb:3&lt;/p&gt;
&lt;pre&gt;
&lt;code&gt;1: &amp;lt;h1&amp;gt;Rejestracja nowego u&amp;#380;ytkownika&amp;lt;/h1&amp;gt;
2:
3: &amp;lt;%= error_messages_for :user %&amp;gt;
4: &amp;lt;% form_for :user, :url =&amp;gt; users_path do |f| -%&amp;gt;
5:
6: &amp;lt;p&amp;gt;&amp;lt;label for=&quot;login&quot;&amp;gt;Nazwa u&amp;#380;ytkownika&lt;/code&gt;
&lt;/pre&gt;
&lt;p&gt;&amp;lt;%=req_field%&amp;gt;&lt;br&gt;&lt;/p&gt;
&lt;pre&gt;
&lt;code&gt;app/views/users/new.pl.html.erb:3
app/controllers/users_controller.rb:59:in `create'
/test/functional/users_controller_test.rb:91:in `create_user'
/test/functional/users_controller_test.rb:53:in&lt;/code&gt;
&lt;/pre&gt;
&lt;p&gt;&lt;code&gt;test_should_require_email_on_signup'&lt;/code&gt;&lt;/p&gt;
&lt;pre&gt;
&lt;code&gt;/test/functional/users_controller_test.rb:52:in&lt;/code&gt;
&lt;/pre&gt;
&lt;p&gt;&lt;code&gt;test_should_require_email_on_signup'&lt;/code&gt;&lt;/p&gt;
&lt;pre&gt;
&lt;code&gt;/usr/lib/ruby/1.8/test/unit/testsuite.rb:34:in `run'
/usr/lib/ruby/1.8/test/unit/testsuite.rb:33:in `each'
/usr/lib/ruby/1.8/test/unit/testsuite.rb:33:in `run'
/usr/lib/ruby/1.8/test/unit/testsuite.rb:34:in `run'
/usr/lib/ruby/1.8/test/unit/testsuite.rb:33:in `each'
/usr/lib/ruby/1.8/test/unit/testsuite.rb:33:in `run'
/usr/lib/ruby/1.8/test/unit/ui/testrunnermediator.rb:46:in&lt;/code&gt;
&lt;/pre&gt;
&lt;p&gt;&lt;code&gt;run_suite'&lt;/code&gt;&lt;/p&gt;
&lt;pre&gt;
&lt;code&gt;/home/wojtek/workspace_galileo/.metadata/.plugins/org.rubypeople.rdt.testunit/ruby/RemoteTestRunner.rb:117:in&lt;/code&gt;
&lt;/pre&gt;
&lt;p&gt;&lt;code&gt;start_mediator'&lt;/code&gt;&lt;/p&gt;
&lt;pre&gt;
&lt;code&gt;/home/wojtek/workspace_galileo/.metadata/.plugins/org.rubypeople.rdt.testunit/ruby/RemoteTestRunner.rb:62:in&lt;/code&gt;
&lt;/pre&gt;
&lt;p&gt;&lt;code&gt;start'&lt;/code&gt;&lt;/p&gt;
&lt;pre&gt;
&lt;code&gt;/home/wojtek/workspace_galileo/.metadata/.plugins/org.rubypeople.rdt.testunit/ruby/RemoteTestRunner.rb:328&lt;/code&gt;
&lt;/pre&gt;
&lt;p&gt;-------------- My model users.rb ------------------&lt;/p&gt;
&lt;p&gt;validates_length_of :email, :within =&amp;gt; 3..100, :too_short
=&amp;gt;&lt;br&gt;
:email_short, :too_long =&amp;gt; :email_long&lt;/p&gt;
&lt;p&gt;--------- My translations in pl.yml ------------- The below
works when i use the application the standard way through WWW.&lt;br&gt;
this does not get read only within test envifronment.&lt;/p&gt;
&lt;p&gt;pl:&lt;br&gt;
(...) activerecord:&lt;/p&gt;
&lt;pre&gt;
&lt;code&gt;(...)
errors:
  (...)
  full_messages:
    email_short: &quot;my message 1 {{count}}&quot;
    email_long: &quot;my message 2 {{count}}&quot;&lt;/code&gt;
&lt;/pre&gt;
&lt;p&gt;(...)&lt;/p&gt;
&lt;p&gt;---------------- QUESTION/BUG? -------------------------&lt;/p&gt;
&lt;p&gt;How do I avoid this testing error? I am not using this
translation node&lt;br&gt;
&quot; pl, activerecord, errors, models, user, attributes, email,
email_short&quot; but a full_mesage instead (cos I need a specific
message,&lt;br&gt;
not a {attribute} {message} pair, it will not work in my
language).&lt;/p&gt;&lt;/div&gt;</body-html>
      <closed type="boolean">false</closed>
      <created-at type="datetime">2009-11-17T16:59:03+00:00</created-at>
      <creator-id type="integer">76875</creator-id>
      <diffable-attributes type="yaml">--- {}

</diffable-attributes>
      <milestone-id type="integer" nil="true"></milestone-id>
      <number type="integer">3490</number>
      <permalink>functional-testing-with-validation-with-full_messages</permalink>
      <priority type="integer">0</priority>
      <project-id type="integer">8994</project-id>
      <state>new</state>
      <tag>2.3.4 activerecord i18n validation</tag>
      <title>functional testing with validation with full_messages</title>
      <updated-at type="datetime">2009-11-17T16:59:08+00:00</updated-at>
      <user-id type="integer">76875</user-id>
      <version type="integer">1</version>
      <user-name>michalb82</user-name>
      <creator-name>michalb82</creator-name>
      <url>http://rails.lighthouseapp.com/projects/8994/tickets/3490</url>
      <priority-name nil="true"></priority-name>
    </version>
    <version type="Ticket::Version">
      <assigned-user-id type="integer" nil="true"></assigned-user-id>
      <attachments-count type="integer">0</attachments-count>
      <body>This is an issue with &quot;translator&quot; plugin.
After uninstalling the plugin everything works fine.

Sorry.</body>
      <body-html>&lt;div&gt;&lt;p&gt;This is an issue with &quot;translator&quot; plugin.&lt;br&gt;
After uninstalling the plugin everything works fine.&lt;/p&gt;
&lt;p&gt;Sorry.&lt;/p&gt;&lt;/div&gt;</body-html>
      <closed type="boolean">false</closed>
      <created-at type="datetime">2009-11-18T18:12:16+00:00</created-at>
      <creator-id type="integer">76875</creator-id>
      <diffable-attributes type="yaml">--- {}

</diffable-attributes>
      <milestone-id type="integer" nil="true"></milestone-id>
      <number type="integer">3490</number>
      <permalink>functional-testing-with-validation-with-full_messages</permalink>
      <priority type="integer">0</priority>
      <project-id type="integer">8994</project-id>
      <state>new</state>
      <tag>2.3.4 activerecord i18n validation</tag>
      <title>functional testing with validation with full_messages</title>
      <updated-at type="datetime">2009-11-18T18:12:20+00:00</updated-at>
      <user-id type="integer">76875</user-id>
      <version type="integer">2</version>
      <user-name>michalb82</user-name>
      <creator-name>michalb82</creator-name>
      <url>http://rails.lighthouseapp.com/projects/8994/tickets/3490</url>
      <priority-name nil="true"></priority-name>
    </version>
    <version type="Ticket::Version">
      <assigned-user-id type="integer" nil="true"></assigned-user-id>
      <attachments-count type="integer">0</attachments-count>
      <body></body>
      <body-html></body-html>
      <closed type="boolean">true</closed>
      <created-at type="datetime">2010-10-06T06:31:39+01:00</created-at>
      <creator-id type="integer">76875</creator-id>
      <diffable-attributes type="yaml">--- 
:priority: 0
:state: new
</diffable-attributes>
      <milestone-id type="integer" nil="true"></milestone-id>
      <number type="integer">3490</number>
      <permalink>functional-testing-with-validation-with-full_messages</permalink>
      <priority type="integer">177729</priority>
      <project-id type="integer">8994</project-id>
      <state>invalid</state>
      <tag>2.3.4 activerecord i18n validation</tag>
      <title>functional testing with validation with full_messages</title>
      <updated-at type="datetime">2010-10-06T06:31:43+01:00</updated-at>
      <user-id type="integer">89656</user-id>
      <version type="integer">3</version>
      <user-name>Rohit Arondekar</user-name>
      <creator-name>michalb82</creator-name>
      <url>http://rails.lighthouseapp.com/projects/8994/tickets/3490</url>
      <priority-name nil="true"></priority-name>
    </version>
  </versions>
</ticket>
