<?xml version="1.0" encoding="UTF-8"?>
<ticket>
  <assigned-user-id type="integer" nil="true"></assigned-user-id>
  <attachments-count type="integer">0</attachments-count>
  <closed type="boolean">true</closed>
  <created-at type="datetime">2010-09-01T00:42:10+01:00</created-at>
  <creator-id type="integer">114010</creator-id>
  <milestone-due-on type="datetime" nil="true"></milestone-due-on>
  <milestone-id type="integer" nil="true"></milestone-id>
  <number type="integer">5518</number>
  <permalink>bundle-install-internalgem_prelude344in-method_missing-undefined-method-user_home-for-gemmodule-nomethoderror</permalink>
  <priority type="integer">3</priority>
  <project-id type="integer">8994</project-id>
  <raw-data type="binary" nil="true" encoding="base64"></raw-data>
  <state>stale</state>
  <tag>bundler</tag>
  <title>bundle install: &lt;internal:gem_prelude&gt;:344:in `method_missing': undefined method `user_home' for Gem:Module (NoMethodError)</title>
  <updated-at type="datetime">2011-02-18T23:43:23+00:00</updated-at>
  <user-id type="integer">130498</user-id>
  <version type="integer">18</version>
  <user-name>Steve Loveless</user-name>
  <creator-name>Orlando Agostinho</creator-name>
  <url>http://rails.lighthouseapp.com/projects/8994/tickets/5518</url>
  <priority-name>Low</priority-name>
  <original-body>Hi,

I've just tried to create my first rails app and, after configured the default Gemfile in the first_app directory, the bundle install runs with the following error:
&lt;internal:gem_prelude&gt;:344:in `method_missing': undefined method `user_home' for Gem:Module (NoMethodError)
	from /usr/lib/ruby/gems/1.9.1/gems/bundler-1.0.0.rc.6/lib/bundler/settings.rb:109:in `global_config_file'
	from /usr/lib/ruby/gems/1.9.1/gems/bundler-1.0.0.rc.6/lib/bundler/settings.rb:6:in `initialize'
	from /usr/lib/ruby/gems/1.9.1/gems/bundler-1.0.0.rc.6/lib/bundler.rb:175:in `new'
	from /usr/lib/ruby/gems/1.9.1/gems/bundler-1.0.0.rc.6/lib/bundler.rb:175:in `settings'
	from /usr/lib/ruby/gems/1.9.1/gems/bundler-1.0.0.rc.6/lib/bundler/cli.rb:213:in `install'
	from /usr/lib/ruby/gems/1.9.1/gems/bundler-1.0.0.rc.6/lib/bundler/vendor/thor/task.rb:22:in `run'
	from /usr/lib/ruby/gems/1.9.1/gems/bundler-1.0.0.rc.6/lib/bundler/vendor/thor/invocation.rb:118:in `invoke_task'
	from /usr/lib/ruby/gems/1.9.1/gems/bundler-1.0.0.rc.6/lib/bundler/vendor/thor.rb:246:in `dispatch'
	from /usr/lib/ruby/gems/1.9.1/gems/bundler-1.0.0.rc.6/lib/bundler/vendor/thor/base.rb:389:in `start'
	from /usr/lib/ruby/gems/1.9.1/gems/bundler-1.0.0.rc.6/bin/bundle:13:in `&lt;top (required)&gt;'
	from /usr/bin/bundle:19:in `load'
	from /usr/bin/bundle:19:in `&lt;main&gt;'
opa@debian:~/rails_projects/first_app$ 

GEMFILE

source 'http://rubygems.org'

gem 'rails', '3.0.0'

# Bundle edge Rails instead:
# gem 'rails', :git =&gt; 'git://github.com/rails/rails.git'

gem 'sqlite3-ruby', '1.2.5', :require =&gt; 'sqlite3'

# Use unicorn as the web server
# gem 'unicorn'
          
# Deploy with Capistrano  
# gem 'capistrano'

# To use debugger
# gem 'ruby-debug'

# Bundle the extra gems:
# gem 'bj'
# gem 'nokogiri'
# gem 'sqlite3-ruby', :require =&gt; 'sqlite3'
# gem 'aws-s3', :require =&gt; 'aws/s3'

# Bundle gems for the local environment. Make sure to
# put test-only gems in this group so their generators
# and rake tasks are available in development mode:
# group :development, :test do
#   gem 'webrat'
# end
&quot;Gemfile&quot; [readonly] 30L, 674C              


The information of my system is the following:


           opa@debian:~/rails_projects/first_app$ uname -a
            **Linux debian 2.6.26-2-amd64 #1 SMP Thu Aug 19 00:37:36 UTC 2010 x86_64 GNU/Linux**
           opa@debian:~/rails_projects/first_app$ gem -v
           **1.3.7**
           opa@debian:~/rails_projects/first_app$ bundle -v
           **Bundler version 1.0.0.rc.6**
           opa@debian:~/rails_projects/first_app$ ruby -v
           **ruby 1.9.1p378 (2010-01-10 revision 26273) [x86_64-linux]**
           opa@debian:~/rails_projects/first_app$</original-body>
  <latest-body>Hi,

I've just tried to create my first rails app and, after configured the default Gemfile in the first_app directory, the bundle install runs with the following error:
&lt;internal:gem_prelude&gt;:344:in `method_missing': undefined method `user_home' for Gem:Module (NoMethodError)
	from /usr/lib/ruby/gems/1.9.1/gems/bundler-1.0.0.rc.6/lib/bundler/settings.rb:109:in `global_config_file'
	from /usr/lib/ruby/gems/1.9.1/gems/bundler-1.0.0.rc.6/lib/bundler/settings.rb:6:in `initialize'
	from /usr/lib/ruby/gems/1.9.1/gems/bundler-1.0.0.rc.6/lib/bundler.rb:175:in `new'
	from /usr/lib/ruby/gems/1.9.1/gems/bundler-1.0.0.rc.6/lib/bundler.rb:175:in `settings'
	from /usr/lib/ruby/gems/1.9.1/gems/bundler-1.0.0.rc.6/lib/bundler/cli.rb:213:in `install'
	from /usr/lib/ruby/gems/1.9.1/gems/bundler-1.0.0.rc.6/lib/bundler/vendor/thor/task.rb:22:in `run'
	from /usr/lib/ruby/gems/1.9.1/gems/bundler-1.0.0.rc.6/lib/bundler/vendor/thor/invocation.rb:118:in `invoke_task'
	from /usr/lib/ruby/gems/1.9.1/gems/bundler-1.0.0.rc.6/lib/bundler/vendor/thor.rb:246:in `dispatch'
	from /usr/lib/ruby/gems/1.9.1/gems/bundler-1.0.0.rc.6/lib/bundler/vendor/thor/base.rb:389:in `start'
	from /usr/lib/ruby/gems/1.9.1/gems/bundler-1.0.0.rc.6/bin/bundle:13:in `&lt;top (required)&gt;'
	from /usr/bin/bundle:19:in `load'
	from /usr/bin/bundle:19:in `&lt;main&gt;'
opa@debian:~/rails_projects/first_app$ 

GEMFILE

source 'http://rubygems.org'

gem 'rails', '3.0.0'

# Bundle edge Rails instead:
# gem 'rails', :git =&gt; 'git://github.com/rails/rails.git'

gem 'sqlite3-ruby', '1.2.5', :require =&gt; 'sqlite3'

# Use unicorn as the web server
# gem 'unicorn'
          
# Deploy with Capistrano  
# gem 'capistrano'

# To use debugger
# gem 'ruby-debug'

# Bundle the extra gems:
# gem 'bj'
# gem 'nokogiri'
# gem 'sqlite3-ruby', :require =&gt; 'sqlite3'
# gem 'aws-s3', :require =&gt; 'aws/s3'

# Bundle gems for the local environment. Make sure to
# put test-only gems in this group so their generators
# and rake tasks are available in development mode:
# group :development, :test do
#   gem 'webrat'
# end
&quot;Gemfile&quot; [readonly] 30L, 674C              


The information of my system is the following:


           opa@debian:~/rails_projects/first_app$ uname -a
            **Linux debian 2.6.26-2-amd64 #1 SMP Thu Aug 19 00:37:36 UTC 2010 x86_64 GNU/Linux**
           opa@debian:~/rails_projects/first_app$ gem -v
           **1.3.7**
           opa@debian:~/rails_projects/first_app$ bundle -v
           **Bundler version 1.0.0.rc.6**
           opa@debian:~/rails_projects/first_app$ ruby -v
           **ruby 1.9.1p378 (2010-01-10 revision 26273) [x86_64-linux]**
           opa@debian:~/rails_projects/first_app$</latest-body>
  <original-body-html>&lt;div&gt;&lt;p&gt;Hi,&lt;/p&gt;
&lt;p&gt;I've just tried to create my first rails app and, after
configured the default Gemfile in the first_app directory, the
bundle install runs with the following error:&lt;br&gt;
&amp;lt;internal:gem_prelude&amp;gt;:344:in &lt;code&gt;method_missing':
undefined method&lt;/code&gt;user_home' for Gem:Module
(NoMethodError)&lt;br&gt;&lt;/p&gt;
&lt;pre&gt;
&lt;code&gt;from /usr/lib/ruby/gems/1.9.1/gems/bundler-1.0.0.rc.6/lib/bundler/settings.rb:109:in `global_config_file'
from /usr/lib/ruby/gems/1.9.1/gems/bundler-1.0.0.rc.6/lib/bundler/settings.rb:6:in `initialize'
from /usr/lib/ruby/gems/1.9.1/gems/bundler-1.0.0.rc.6/lib/bundler.rb:175:in `new'
from /usr/lib/ruby/gems/1.9.1/gems/bundler-1.0.0.rc.6/lib/bundler.rb:175:in `settings'
from /usr/lib/ruby/gems/1.9.1/gems/bundler-1.0.0.rc.6/lib/bundler/cli.rb:213:in `install'
from /usr/lib/ruby/gems/1.9.1/gems/bundler-1.0.0.rc.6/lib/bundler/vendor/thor/task.rb:22:in `run'
from /usr/lib/ruby/gems/1.9.1/gems/bundler-1.0.0.rc.6/lib/bundler/vendor/thor/invocation.rb:118:in `invoke_task'
from /usr/lib/ruby/gems/1.9.1/gems/bundler-1.0.0.rc.6/lib/bundler/vendor/thor.rb:246:in `dispatch'
from /usr/lib/ruby/gems/1.9.1/gems/bundler-1.0.0.rc.6/lib/bundler/vendor/thor/base.rb:389:in `start'
from /usr/lib/ruby/gems/1.9.1/gems/bundler-1.0.0.rc.6/bin/bundle:13:in `&amp;lt;top (required)&amp;gt;'
from /usr/bin/bundle:19:in `load'
from /usr/bin/bundle:19:in `&amp;lt;main&amp;gt;'&lt;/code&gt;
&lt;/pre&gt;
&lt;p&gt;opa@debian:~/rails_projects/first_app$&lt;/p&gt;
&lt;p&gt;GEMFILE&lt;/p&gt;
&lt;p&gt;source '&lt;a href=
&quot;http://rubygems.org&quot;&gt;http://rubygems.org&lt;/a&gt;'&lt;/p&gt;
&lt;p&gt;gem 'rails', '3.0.0'&lt;/p&gt;
&lt;h1&gt;Bundle edge Rails instead:&lt;/h1&gt;
&lt;h1&gt;gem 'rails', :git =&amp;gt; 'git://github.com/rails/rails.git'&lt;/h1&gt;
&lt;p&gt;gem 'sqlite3-ruby', '1.2.5', :require =&amp;gt; 'sqlite3'&lt;/p&gt;
&lt;h1&gt;Use unicorn as the web server&lt;/h1&gt;
&lt;h1&gt;gem 'unicorn'&lt;/h1&gt;
&lt;h1&gt;Deploy with Capistrano&lt;/h1&gt;
&lt;h1&gt;gem 'capistrano'&lt;/h1&gt;
&lt;h1&gt;To use debugger&lt;/h1&gt;
&lt;h1&gt;gem 'ruby-debug'&lt;/h1&gt;
&lt;h1&gt;Bundle the extra gems:&lt;/h1&gt;
&lt;h1&gt;gem 'bj'&lt;/h1&gt;
&lt;h1&gt;gem 'nokogiri'&lt;/h1&gt;
&lt;h1&gt;gem 'sqlite3-ruby', :require =&amp;gt; 'sqlite3'&lt;/h1&gt;
&lt;h1&gt;gem 'aws-s3', :require =&amp;gt; 'aws/s3'&lt;/h1&gt;
&lt;h1&gt;Bundle gems for the local environment. Make sure to&lt;/h1&gt;
&lt;h1&gt;put test-only gems in this group so their generators&lt;/h1&gt;
&lt;h1&gt;and rake tasks are available in development mode:&lt;/h1&gt;
&lt;h1&gt;group :development, :test do&lt;/h1&gt;
&lt;h1&gt;gem 'webrat'&lt;/h1&gt;
&lt;h1&gt;end&lt;/h1&gt;
&lt;p&gt;&quot;Gemfile&quot; &lt;a href=&quot;/projects/8994/changesets/readonly&quot; title=
&quot;Changeset [readonly]&quot;&gt;[readonly]&lt;/a&gt; 30L, 674C&lt;br&gt;&lt;/p&gt;
&lt;p&gt;The information of my system is the following:&lt;/p&gt;
&lt;pre&gt;
&lt;code&gt;       opa@debian:~/rails_projects/first_app$ uname -a
        **Linux debian 2.6.26-2-amd64 [#1](/projects/8994/tickets/1 &quot;Ticket #1&quot;) SMP Thu Aug 19 00:37:36 UTC 2010 x86_64 GNU/Linux**
       opa@debian:~/rails_projects/first_app$ gem -v
       **1.3.7**
       opa@debian:~/rails_projects/first_app$ bundle -v
       **Bundler version 1.0.0.rc.6**
       opa@debian:~/rails_projects/first_app$ ruby -v
       **ruby 1.9.1p378 (2010-01-10 revision 26273) [x86_64-linux]**
       opa@debian:~/rails_projects/first_app$&lt;/code&gt;
&lt;/pre&gt;&lt;/div&gt;</original-body-html>
  <versions type="array">
    <version type="Ticket::Version">
      <assigned-user-id type="integer" nil="true"></assigned-user-id>
      <attachments-count type="integer">0</attachments-count>
      <body>Hi,

I've just tried to create my first rails app and, after configured the default Gemfile in the first_app directory, the bundle install runs with the following error:
&lt;internal:gem_prelude&gt;:344:in `method_missing': undefined method `user_home' for Gem:Module (NoMethodError)
	from /usr/lib/ruby/gems/1.9.1/gems/bundler-1.0.0.rc.6/lib/bundler/settings.rb:109:in `global_config_file'
	from /usr/lib/ruby/gems/1.9.1/gems/bundler-1.0.0.rc.6/lib/bundler/settings.rb:6:in `initialize'
	from /usr/lib/ruby/gems/1.9.1/gems/bundler-1.0.0.rc.6/lib/bundler.rb:175:in `new'
	from /usr/lib/ruby/gems/1.9.1/gems/bundler-1.0.0.rc.6/lib/bundler.rb:175:in `settings'
	from /usr/lib/ruby/gems/1.9.1/gems/bundler-1.0.0.rc.6/lib/bundler/cli.rb:213:in `install'
	from /usr/lib/ruby/gems/1.9.1/gems/bundler-1.0.0.rc.6/lib/bundler/vendor/thor/task.rb:22:in `run'
	from /usr/lib/ruby/gems/1.9.1/gems/bundler-1.0.0.rc.6/lib/bundler/vendor/thor/invocation.rb:118:in `invoke_task'
	from /usr/lib/ruby/gems/1.9.1/gems/bundler-1.0.0.rc.6/lib/bundler/vendor/thor.rb:246:in `dispatch'
	from /usr/lib/ruby/gems/1.9.1/gems/bundler-1.0.0.rc.6/lib/bundler/vendor/thor/base.rb:389:in `start'
	from /usr/lib/ruby/gems/1.9.1/gems/bundler-1.0.0.rc.6/bin/bundle:13:in `&lt;top (required)&gt;'
	from /usr/bin/bundle:19:in `load'
	from /usr/bin/bundle:19:in `&lt;main&gt;'
opa@debian:~/rails_projects/first_app$ 

GEMFILE

source 'http://rubygems.org'

gem 'rails', '3.0.0'

# Bundle edge Rails instead:
# gem 'rails', :git =&gt; 'git://github.com/rails/rails.git'

gem 'sqlite3-ruby', '1.2.5', :require =&gt; 'sqlite3'

# Use unicorn as the web server
# gem 'unicorn'
          
# Deploy with Capistrano  
# gem 'capistrano'

# To use debugger
# gem 'ruby-debug'

# Bundle the extra gems:
# gem 'bj'
# gem 'nokogiri'
# gem 'sqlite3-ruby', :require =&gt; 'sqlite3'
# gem 'aws-s3', :require =&gt; 'aws/s3'

# Bundle gems for the local environment. Make sure to
# put test-only gems in this group so their generators
# and rake tasks are available in development mode:
# group :development, :test do
#   gem 'webrat'
# end
&quot;Gemfile&quot; [readonly] 30L, 674C              


The information of my system is the following:


           opa@debian:~/rails_projects/first_app$ uname -a
            **Linux debian 2.6.26-2-amd64 #1 SMP Thu Aug 19 00:37:36 UTC 2010 x86_64 GNU/Linux**
           opa@debian:~/rails_projects/first_app$ gem -v
           **1.3.7**
           opa@debian:~/rails_projects/first_app$ bundle -v
           **Bundler version 1.0.0.rc.6**
           opa@debian:~/rails_projects/first_app$ ruby -v
           **ruby 1.9.1p378 (2010-01-10 revision 26273) [x86_64-linux]**
           opa@debian:~/rails_projects/first_app$</body>
      <body-html>&lt;div&gt;&lt;p&gt;Hi,&lt;/p&gt;
&lt;p&gt;I've just tried to create my first rails app and, after
configured the default Gemfile in the first_app directory, the
bundle install runs with the following error:&lt;br&gt;
&amp;lt;internal:gem_prelude&amp;gt;:344:in &lt;code&gt;method_missing':
undefined method&lt;/code&gt;user_home' for Gem:Module
(NoMethodError)&lt;br&gt;&lt;/p&gt;
&lt;pre&gt;
&lt;code&gt;from /usr/lib/ruby/gems/1.9.1/gems/bundler-1.0.0.rc.6/lib/bundler/settings.rb:109:in `global_config_file'
from /usr/lib/ruby/gems/1.9.1/gems/bundler-1.0.0.rc.6/lib/bundler/settings.rb:6:in `initialize'
from /usr/lib/ruby/gems/1.9.1/gems/bundler-1.0.0.rc.6/lib/bundler.rb:175:in `new'
from /usr/lib/ruby/gems/1.9.1/gems/bundler-1.0.0.rc.6/lib/bundler.rb:175:in `settings'
from /usr/lib/ruby/gems/1.9.1/gems/bundler-1.0.0.rc.6/lib/bundler/cli.rb:213:in `install'
from /usr/lib/ruby/gems/1.9.1/gems/bundler-1.0.0.rc.6/lib/bundler/vendor/thor/task.rb:22:in `run'
from /usr/lib/ruby/gems/1.9.1/gems/bundler-1.0.0.rc.6/lib/bundler/vendor/thor/invocation.rb:118:in `invoke_task'
from /usr/lib/ruby/gems/1.9.1/gems/bundler-1.0.0.rc.6/lib/bundler/vendor/thor.rb:246:in `dispatch'
from /usr/lib/ruby/gems/1.9.1/gems/bundler-1.0.0.rc.6/lib/bundler/vendor/thor/base.rb:389:in `start'
from /usr/lib/ruby/gems/1.9.1/gems/bundler-1.0.0.rc.6/bin/bundle:13:in `&amp;lt;top (required)&amp;gt;'
from /usr/bin/bundle:19:in `load'
from /usr/bin/bundle:19:in `&amp;lt;main&amp;gt;'&lt;/code&gt;
&lt;/pre&gt;
&lt;p&gt;opa@debian:~/rails_projects/first_app$&lt;/p&gt;
&lt;p&gt;GEMFILE&lt;/p&gt;
&lt;p&gt;source '&lt;a href=
&quot;http://rubygems.org&quot;&gt;http://rubygems.org&lt;/a&gt;'&lt;/p&gt;
&lt;p&gt;gem 'rails', '3.0.0'&lt;/p&gt;
&lt;h1&gt;Bundle edge Rails instead:&lt;/h1&gt;
&lt;h1&gt;gem 'rails', :git =&amp;gt; 'git://github.com/rails/rails.git'&lt;/h1&gt;
&lt;p&gt;gem 'sqlite3-ruby', '1.2.5', :require =&amp;gt; 'sqlite3'&lt;/p&gt;
&lt;h1&gt;Use unicorn as the web server&lt;/h1&gt;
&lt;h1&gt;gem 'unicorn'&lt;/h1&gt;
&lt;h1&gt;Deploy with Capistrano&lt;/h1&gt;
&lt;h1&gt;gem 'capistrano'&lt;/h1&gt;
&lt;h1&gt;To use debugger&lt;/h1&gt;
&lt;h1&gt;gem 'ruby-debug'&lt;/h1&gt;
&lt;h1&gt;Bundle the extra gems:&lt;/h1&gt;
&lt;h1&gt;gem 'bj'&lt;/h1&gt;
&lt;h1&gt;gem 'nokogiri'&lt;/h1&gt;
&lt;h1&gt;gem 'sqlite3-ruby', :require =&amp;gt; 'sqlite3'&lt;/h1&gt;
&lt;h1&gt;gem 'aws-s3', :require =&amp;gt; 'aws/s3'&lt;/h1&gt;
&lt;h1&gt;Bundle gems for the local environment. Make sure to&lt;/h1&gt;
&lt;h1&gt;put test-only gems in this group so their generators&lt;/h1&gt;
&lt;h1&gt;and rake tasks are available in development mode:&lt;/h1&gt;
&lt;h1&gt;group :development, :test do&lt;/h1&gt;
&lt;h1&gt;gem 'webrat'&lt;/h1&gt;
&lt;h1&gt;end&lt;/h1&gt;
&lt;p&gt;&quot;Gemfile&quot; &lt;a href=&quot;/projects/8994/changesets/readonly&quot; title=
&quot;Changeset [readonly]&quot;&gt;[readonly]&lt;/a&gt; 30L, 674C&lt;br&gt;&lt;/p&gt;
&lt;p&gt;The information of my system is the following:&lt;/p&gt;
&lt;pre&gt;
&lt;code&gt;       opa@debian:~/rails_projects/first_app$ uname -a
        **Linux debian 2.6.26-2-amd64 [#1](/projects/8994/tickets/1 &quot;Ticket #1&quot;) SMP Thu Aug 19 00:37:36 UTC 2010 x86_64 GNU/Linux**
       opa@debian:~/rails_projects/first_app$ gem -v
       **1.3.7**
       opa@debian:~/rails_projects/first_app$ bundle -v
       **Bundler version 1.0.0.rc.6**
       opa@debian:~/rails_projects/first_app$ ruby -v
       **ruby 1.9.1p378 (2010-01-10 revision 26273) [x86_64-linux]**
       opa@debian:~/rails_projects/first_app$&lt;/code&gt;
&lt;/pre&gt;&lt;/div&gt;</body-html>
      <closed type="boolean">false</closed>
      <created-at type="datetime">2010-09-01T00:42:10+01:00</created-at>
      <creator-id type="integer">114010</creator-id>
      <diffable-attributes type="yaml">--- {}

</diffable-attributes>
      <milestone-id type="integer" nil="true"></milestone-id>
      <number type="integer">5518</number>
      <permalink>bundle-install-internalgem_prelude344in-method_missing-undefined-method-user_home-for-gemmodule-nomethoderror</permalink>
      <priority type="integer">0</priority>
      <project-id type="integer">8994</project-id>
      <state>new</state>
      <tag>bundle &quot;debian 5 lxde&quot; install &quot;ruby 1.9.1p378&quot; user_home x86_64-linux</tag>
      <title>bundle install: &lt;internal:gem_prelude&gt;:344:in `method_missing': undefined method `user_home' for Gem:Module (NoMethodError)</title>
      <updated-at type="datetime">2010-09-01T00:42:14+01:00</updated-at>
      <user-id type="integer">114010</user-id>
      <version type="integer">1</version>
      <user-name>Orlando Agostinho</user-name>
      <creator-name>Orlando Agostinho</creator-name>
      <url>http://rails.lighthouseapp.com/projects/8994/tickets/5518</url>
      <priority-name nil="true"></priority-name>
    </version>
    <version type="Ticket::Version">
      <assigned-user-id type="integer" nil="true"></assigned-user-id>
      <attachments-count type="integer">0</attachments-count>
      <body>I have the same issue with Bundler 1.0.2 but it works with an older version.

It only happens on deployment to Ubuntu - locally it works fine on Mac OS X

Here's the error:

    [myserver.com] executing command
 ** [out :: myserver.com] &lt;internal:gem_prelude&gt;:344:in `method_missing': undefined method `user_home' for Gem:Module (NoMethodError)
 ** [out :: myserver.com] from /usr/lib/ruby/gems/1.9.1/gems/bundler-1.0.2/lib/bundler/settings.rb:109:in `global_config_file'
 ** [out :: myserver.com] from /usr/lib/ruby/gems/1.9.1/gems/bundler-1.0.2/lib/bundler/settings.rb:6:in `initialize'
 ** [out :: myserver.com] from /usr/lib/ruby/gems/1.9.1/gems/bundler-1.0.2/lib/bundler.rb:175:in `new'
 ** [out :: myserver.com] from /usr/lib/ruby/gems/1.9.1/gems/bundler-1.0.2/lib/bundler.rb:175:in `settings'
 ** [out :: myserver.com] from /usr/lib/ruby/gems/1.9.1/gems/bundler-1.0.2/lib/bundler/cli.rb:213:in `install'
 ** [out :: myserver.com] from /usr/lib/ruby/gems/1.9.1/gems/bundler-1.0.2/lib/bundler/vendor/thor/task.rb:22:in `run'
 ** [out :: myserver.com] from /usr/lib/ruby/gems/1.9.1/gems/bundler-1.0.2/lib/bundler/vendor/thor/invocation.rb:118:in `invoke_task'
 ** [out :: myserver.com] from /usr/lib/ruby/gems/1.9.1/gems/bundler-1.0.2/lib/bundler/vendor/thor.rb:246:in `dispatch'
 ** [out :: myserver.com] from /usr/lib/ruby/gems/1.9.1/gems/bundler-1.0.2/lib/bundler/vendor/thor/base.rb:389:in `start'
 ** [out :: myserver.com] from /usr/lib/ruby/gems/1.9.1/gems/bundler-1.0.2/bin/bundle:13:in `&lt;top (required)&gt;'
 ** [out :: myserver.com] from /usr/bin/bundle:19:in `load'
 ** [out :: myserver.com] from /usr/bin/bundle:19:in `&lt;main&gt;'
    command finished
*** [deploy:update_code] rolling back

And my Gemfile is short:

source 'http://rubygems.org'

group :rake do
  gem 'rake'
  gem 'capistrano'
end

group :test do
  gem 'rack'
end

group :rake, :test do
  gem 'rspec', '2.0.0.rc'
  
  if RUBY_PLATFORM =~ /darwin/
    gem 'ruby-debug-base19', '0.11.24'
    gem 'ruby-debug19', '0.11.6'
  end
end

And my Rakefile even shorter

require &quot;rubygems&quot;
require &quot;bundler&quot;
Bundler.setup(:default, :rake)
require &quot;rake&quot;</body>
      <body-html>&lt;div&gt;&lt;p&gt;I have the same issue with Bundler 1.0.2 but it works with an
older version.&lt;/p&gt;
&lt;p&gt;It only happens on deployment to Ubuntu - locally it works fine
on Mac OS X&lt;/p&gt;
&lt;p&gt;Here's the error:&lt;/p&gt;
&lt;pre&gt;
&lt;code&gt;[myserver.com] executing command&lt;/code&gt;
&lt;/pre&gt;
&lt;p&gt;&lt;strong&gt;[out :: myserver.com]
&amp;lt;internal:gem_prelude&amp;gt;:344:in &lt;code&gt;method_missing':
undefined method&lt;/code&gt;user_home' for Gem:Module
(NoMethodError)&lt;/strong&gt; [out :: myserver.com] from
/usr/lib/ruby/gems/1.9.1/gems/bundler-1.0.2/lib/bundler/settings.rb:109:in
&lt;code&gt;global_config_file' ** [out :: myserver.com] from
/usr/lib/ruby/gems/1.9.1/gems/bundler-1.0.2/lib/bundler/settings.rb:6:in&lt;/code&gt;initialize'
&lt;strong&gt;[out :: myserver.com] from
/usr/lib/ruby/gems/1.9.1/gems/bundler-1.0.2/lib/bundler.rb:175:in
&lt;code&gt;new' ** [out :: myserver.com] from
/usr/lib/ruby/gems/1.9.1/gems/bundler-1.0.2/lib/bundler.rb:175:in&lt;/code&gt;settings'&lt;/strong&gt;
[out :: myserver.com] from
/usr/lib/ruby/gems/1.9.1/gems/bundler-1.0.2/lib/bundler/cli.rb:213:in
&lt;code&gt;install' ** [out :: myserver.com] from
/usr/lib/ruby/gems/1.9.1/gems/bundler-1.0.2/lib/bundler/vendor/thor/task.rb:22:in&lt;/code&gt;run'
&lt;strong&gt;[out :: myserver.com] from
/usr/lib/ruby/gems/1.9.1/gems/bundler-1.0.2/lib/bundler/vendor/thor/invocation.rb:118:in
&lt;code&gt;invoke_task' ** [out :: myserver.com] from
/usr/lib/ruby/gems/1.9.1/gems/bundler-1.0.2/lib/bundler/vendor/thor.rb:246:in&lt;/code&gt;dispatch'&lt;/strong&gt;
[out :: myserver.com] from
/usr/lib/ruby/gems/1.9.1/gems/bundler-1.0.2/lib/bundler/vendor/thor/base.rb:389:in
&lt;code&gt;start' ** [out :: myserver.com] from
/usr/lib/ruby/gems/1.9.1/gems/bundler-1.0.2/bin/bundle:13:in&lt;/code&gt;'
** [out :: myserver.com] from /usr/bin/bundle:19:in &lt;code&gt;load' **
[out :: myserver.com] from /usr/bin/bundle:19:in&lt;/code&gt;'&lt;/p&gt;
&lt;pre&gt;
&lt;code&gt;command finished&lt;/code&gt;
&lt;/pre&gt;
&lt;p&gt;*** [deploy:update_code] rolling back&lt;/p&gt;
&lt;p&gt;And my Gemfile is short:&lt;/p&gt;
&lt;p&gt;source '&lt;a href=
&quot;http://rubygems.org&quot;&gt;http://rubygems.org&lt;/a&gt;'&lt;/p&gt;
&lt;p&gt;group :rake do&lt;br&gt;
gem 'rake' gem 'capistrano' end&lt;/p&gt;
&lt;p&gt;group :test do&lt;br&gt;
gem 'rack' end&lt;/p&gt;
&lt;p&gt;group :rake, :test do&lt;br&gt;
gem 'rspec', '2.0.0.rc'&lt;/p&gt;
&lt;p&gt;if RUBY_PLATFORM =~ /darwin/&lt;/p&gt;
&lt;pre&gt;
&lt;code&gt;gem 'ruby-debug-base19', '0.11.24'
gem 'ruby-debug19', '0.11.6'&lt;/code&gt;
&lt;/pre&gt;
&lt;p&gt;end end&lt;/p&gt;
&lt;p&gt;And my Rakefile even shorter&lt;/p&gt;
&lt;p&gt;require &quot;rubygems&quot;&lt;br&gt;
require &quot;bundler&quot;&lt;br&gt;
Bundler.setup(:default, :rake)&lt;br&gt;
require &quot;rake&quot;&lt;/p&gt;&lt;/div&gt;</body-html>
      <closed type="boolean">false</closed>
      <created-at type="datetime">2010-10-08T19:40:32+01:00</created-at>
      <creator-id type="integer">114010</creator-id>
      <diffable-attributes type="yaml">--- {}

</diffable-attributes>
      <milestone-id type="integer" nil="true"></milestone-id>
      <number type="integer">5518</number>
      <permalink>bundle-install-internalgem_prelude344in-method_missing-undefined-method-user_home-for-gemmodule-nomethoderror</permalink>
      <priority type="integer">0</priority>
      <project-id type="integer">8994</project-id>
      <state>new</state>
      <tag>bundle &quot;debian 5 lxde&quot; install &quot;ruby 1.9.1p378&quot; user_home x86_64-linux</tag>
      <title>bundle install: &lt;internal:gem_prelude&gt;:344:in `method_missing': undefined method `user_home' for Gem:Module (NoMethodError)</title>
      <updated-at type="datetime">2010-10-08T19:40:34+01:00</updated-at>
      <user-id type="integer">28722</user-id>
      <version type="integer">2</version>
      <user-name>David Sommers</user-name>
      <creator-name>Orlando Agostinho</creator-name>
      <url>http://rails.lighthouseapp.com/projects/8994/tickets/5518</url>
      <priority-name nil="true"></priority-name>
    </version>
    <version type="Ticket::Version">
      <assigned-user-id type="integer" nil="true"></assigned-user-id>
      <attachments-count type="integer">0</attachments-count>
      <body>This is just a guess, but it might have to do with your RubyGems not being the latest version. Please upgrade and check if the issue goes away, if that is the case.</body>
      <body-html>&lt;div&gt;&lt;p&gt;This is just a guess, but it might have to do with your RubyGems
not being the latest version. Please upgrade and check if the issue
goes away, if that is the case.&lt;/p&gt;&lt;/div&gt;</body-html>
      <closed type="boolean">false</closed>
      <created-at type="datetime">2010-10-09T12:20:15+01:00</created-at>
      <creator-id type="integer">114010</creator-id>
      <diffable-attributes type="yaml">--- 
:priority: 0
</diffable-attributes>
      <milestone-id type="integer" nil="true"></milestone-id>
      <number type="integer">5518</number>
      <permalink>bundle-install-internalgem_prelude344in-method_missing-undefined-method-user_home-for-gemmodule-nomethoderror</permalink>
      <priority type="integer">3</priority>
      <project-id type="integer">8994</project-id>
      <state>new</state>
      <tag>bundle &quot;debian 5 lxde&quot; install &quot;ruby 1.9.1p378&quot; user_home x86_64-linux</tag>
      <title>bundle install: &lt;internal:gem_prelude&gt;:344:in `method_missing': undefined method `user_home' for Gem:Module (NoMethodError)</title>
      <updated-at type="datetime">2010-10-09T12:20:19+01:00</updated-at>
      <user-id type="integer">65050</user-id>
      <version type="integer">3</version>
      <user-name>David Trasbo</user-name>
      <creator-name>Orlando Agostinho</creator-name>
      <url>http://rails.lighthouseapp.com/projects/8994/tickets/5518</url>
      <priority-name>Low</priority-name>
    </version>
    <version type="Ticket::Version">
      <assigned-user-id type="integer" nil="true"></assigned-user-id>
      <attachments-count type="integer">0</attachments-count>
      <body>Marking this invalid for now. Will reopen if the RubyGems versions turns out to not be the issue.</body>
      <body-html>&lt;div&gt;&lt;p&gt;Marking this invalid for now. Will reopen if the RubyGems
versions turns out to not be the issue.&lt;/p&gt;&lt;/div&gt;</body-html>
      <closed type="boolean">true</closed>
      <created-at type="datetime">2010-10-10T16:05:06+01:00</created-at>
      <creator-id type="integer">114010</creator-id>
      <diffable-attributes type="yaml">--- 
:state: new
</diffable-attributes>
      <milestone-id type="integer" nil="true"></milestone-id>
      <number type="integer">5518</number>
      <permalink>bundle-install-internalgem_prelude344in-method_missing-undefined-method-user_home-for-gemmodule-nomethoderror</permalink>
      <priority type="integer">3</priority>
      <project-id type="integer">8994</project-id>
      <state>invalid</state>
      <tag>bundle &quot;debian 5 lxde&quot; install &quot;ruby 1.9.1p378&quot; user_home x86_64-linux</tag>
      <title>bundle install: &lt;internal:gem_prelude&gt;:344:in `method_missing': undefined method `user_home' for Gem:Module (NoMethodError)</title>
      <updated-at type="datetime">2010-10-10T16:05:07+01:00</updated-at>
      <user-id type="integer">65050</user-id>
      <version type="integer">4</version>
      <user-name>David Trasbo</user-name>
      <creator-name>Orlando Agostinho</creator-name>
      <url>http://rails.lighthouseapp.com/projects/8994/tickets/5518</url>
      <priority-name>Low</priority-name>
    </version>
    <version type="Ticket::Version">
      <assigned-user-id type="integer" nil="true"></assigned-user-id>
      <attachments-count type="integer">0</attachments-count>
      <body>RubyGems is 1.3.7

I'll try to debug it a little more tonight.</body>
      <body-html>&lt;div&gt;&lt;p&gt;RubyGems is 1.3.7&lt;/p&gt;
&lt;p&gt;I'll try to debug it a little more tonight.&lt;/p&gt;&lt;/div&gt;</body-html>
      <closed type="boolean">true</closed>
      <created-at type="datetime">2010-10-10T16:51:33+01:00</created-at>
      <creator-id type="integer">114010</creator-id>
      <diffable-attributes type="yaml">--- {}

</diffable-attributes>
      <milestone-id type="integer" nil="true"></milestone-id>
      <number type="integer">5518</number>
      <permalink>bundle-install-internalgem_prelude344in-method_missing-undefined-method-user_home-for-gemmodule-nomethoderror</permalink>
      <priority type="integer">3</priority>
      <project-id type="integer">8994</project-id>
      <state>invalid</state>
      <tag>bundle &quot;debian 5 lxde&quot; install &quot;ruby 1.9.1p378&quot; user_home x86_64-linux</tag>
      <title>bundle install: &lt;internal:gem_prelude&gt;:344:in `method_missing': undefined method `user_home' for Gem:Module (NoMethodError)</title>
      <updated-at type="datetime">2010-10-10T16:51:35+01:00</updated-at>
      <user-id type="integer">28722</user-id>
      <version type="integer">5</version>
      <user-name>David Sommers</user-name>
      <creator-name>Orlando Agostinho</creator-name>
      <url>http://rails.lighthouseapp.com/projects/8994/tickets/5518</url>
      <priority-name>Low</priority-name>
    </version>
    <version type="Ticket::Version">
      <assigned-user-id type="integer" nil="true"></assigned-user-id>
      <attachments-count type="integer">0</attachments-count>
      <body>Okay. Reopening this.</body>
      <body-html>&lt;div&gt;&lt;p&gt;Okay. Reopening this.&lt;/p&gt;&lt;/div&gt;</body-html>
      <closed type="boolean">false</closed>
      <created-at type="datetime">2010-10-10T17:55:10+01:00</created-at>
      <creator-id type="integer">114010</creator-id>
      <diffable-attributes type="yaml">--- 
:state: invalid
</diffable-attributes>
      <milestone-id type="integer" nil="true"></milestone-id>
      <number type="integer">5518</number>
      <permalink>bundle-install-internalgem_prelude344in-method_missing-undefined-method-user_home-for-gemmodule-nomethoderror</permalink>
      <priority type="integer">3</priority>
      <project-id type="integer">8994</project-id>
      <state>open</state>
      <tag>bundle &quot;debian 5 lxde&quot; install &quot;ruby 1.9.1p378&quot; user_home x86_64-linux</tag>
      <title>bundle install: &lt;internal:gem_prelude&gt;:344:in `method_missing': undefined method `user_home' for Gem:Module (NoMethodError)</title>
      <updated-at type="datetime">2010-10-10T17:55:11+01:00</updated-at>
      <user-id type="integer">65050</user-id>
      <version type="integer">6</version>
      <user-name>David Trasbo</user-name>
      <creator-name>Orlando Agostinho</creator-name>
      <url>http://rails.lighthouseapp.com/projects/8994/tickets/5518</url>
      <priority-name>Low</priority-name>
    </version>
    <version type="Ticket::Version">
      <assigned-user-id type="integer" nil="true"></assigned-user-id>
      <attachments-count type="integer">0</attachments-count>
      <body>Automatic cleanup of spam.</body>
      <body-html>&lt;div&gt;&lt;p&gt;Automatic cleanup of spam.&lt;/p&gt;&lt;/div&gt;</body-html>
      <closed type="boolean">false</closed>
      <created-at type="datetime">2010-10-19T08:23:40+01:00</created-at>
      <creator-id type="integer">114010</creator-id>
      <diffable-attributes type="yaml">--- 
:tag: bundle &quot;debian 5 lxde&quot; install &quot;ruby 1.9.1p378&quot; user_home x86_64-linux
</diffable-attributes>
      <milestone-id type="integer" nil="true"></milestone-id>
      <number type="integer">5518</number>
      <permalink>bundle-install-internalgem_prelude344in-method_missing-undefined-method-user_home-for-gemmodule-nomethoderror</permalink>
      <priority type="integer">3</priority>
      <project-id type="integer">8994</project-id>
      <state>open</state>
      <tag nil="true"></tag>
      <title>bundle install: &lt;internal:gem_prelude&gt;:344:in `method_missing': undefined method `user_home' for Gem:Module (NoMethodError)</title>
      <updated-at type="datetime">2010-10-19T08:23:42+01:00</updated-at>
      <user-id type="integer">14998</user-id>
      <version type="integer">8</version>
      <user-name>Ryan Bigg</user-name>
      <creator-name>Orlando Agostinho</creator-name>
      <url>http://rails.lighthouseapp.com/projects/8994/tickets/5518</url>
      <priority-name>Low</priority-name>
    </version>
    <version type="Ticket::Version">
      <assigned-user-id type="integer" nil="true"></assigned-user-id>
      <attachments-count type="integer">0</attachments-count>
      <body>Same for me:

@@@
$ bundle install
&lt;internal:gem_prelude&gt;:344:in `method_missing': undefined method `user_home' for Gem:Module (NoMethodError)
	from /usr/lib/ruby/gems/1.9.1/gems/bundler-1.0.3/lib/bundler/settings.rb:109:in `global_config_file'
	from /usr/lib/ruby/gems/1.9.1/gems/bundler-1.0.3/lib/bundler/settings.rb:6:in `initialize'
	from /usr/lib/ruby/gems/1.9.1/gems/bundler-1.0.3/lib/bundler.rb:175:in `new'
	from /usr/lib/ruby/gems/1.9.1/gems/bundler-1.0.3/lib/bundler.rb:175:in `settings'
	from /usr/lib/ruby/gems/1.9.1/gems/bundler-1.0.3/lib/bundler/cli.rb:217:in `install'
	from /usr/lib/ruby/gems/1.9.1/gems/bundler-1.0.3/lib/bundler/vendor/thor/task.rb:22:in `run'
	from /usr/lib/ruby/gems/1.9.1/gems/bundler-1.0.3/lib/bundler/vendor/thor/invocation.rb:118:in `invoke_task'
	from /usr/lib/ruby/gems/1.9.1/gems/bundler-1.0.3/lib/bundler/vendor/thor.rb:246:i$ cat Gemfile | grep -v ^#
source 'http://rubygems.org'

gem 'rails', '3.0.1'


gem 'sqlite3-ruby', :require =&gt; 'sqlite3'
n `dispatch'
	from /usr/lib/ruby/gems/1.9.1/gems/bundler-1.0.3/lib/bundler/vendor/thor/base.rb:389:in `start'
	from /usr/lib/ruby/gems/1.9.1/gems/bundler-1.0.3/bin/bundle:13:in `&lt;top (required)&gt;'
	from /usr/bin/bundle:19:in `load'
	from /usr/bin/bundle:19:in `&lt;main&gt;'
@@@

@@@
$ bundle --version
Bundler version 1.0.3
@@@

@@@
$ cat Gemfile | grep -v ^#
source 'http://rubygems.org'
gem 'rails', '3.0.1'
gem 'sqlite3-ruby', :require =&gt; 'sqlite3'
@@@</body>
      <body-html>&lt;div&gt;&lt;p&gt;Same for me:&lt;/p&gt;
&lt;pre&gt;
&lt;code&gt;$ bundle install
&amp;lt;internal:gem_prelude&amp;gt;:344:in `method_missing': undefined method `user_home' for Gem:Module (NoMethodError)
    from /usr/lib/ruby/gems/1.9.1/gems/bundler-1.0.3/lib/bundler/settings.rb:109:in `global_config_file'
    from /usr/lib/ruby/gems/1.9.1/gems/bundler-1.0.3/lib/bundler/settings.rb:6:in `initialize'
    from /usr/lib/ruby/gems/1.9.1/gems/bundler-1.0.3/lib/bundler.rb:175:in `new'
    from /usr/lib/ruby/gems/1.9.1/gems/bundler-1.0.3/lib/bundler.rb:175:in `settings'
    from /usr/lib/ruby/gems/1.9.1/gems/bundler-1.0.3/lib/bundler/cli.rb:217:in `install'
    from /usr/lib/ruby/gems/1.9.1/gems/bundler-1.0.3/lib/bundler/vendor/thor/task.rb:22:in `run'
    from /usr/lib/ruby/gems/1.9.1/gems/bundler-1.0.3/lib/bundler/vendor/thor/invocation.rb:118:in `invoke_task'
    from /usr/lib/ruby/gems/1.9.1/gems/bundler-1.0.3/lib/bundler/vendor/thor.rb:246:i$ cat Gemfile | grep -v ^#
source 'http://rubygems.org'

gem 'rails', '3.0.1'


gem 'sqlite3-ruby', :require =&amp;gt; 'sqlite3'
n `dispatch'
    from /usr/lib/ruby/gems/1.9.1/gems/bundler-1.0.3/lib/bundler/vendor/thor/base.rb:389:in `start'
    from /usr/lib/ruby/gems/1.9.1/gems/bundler-1.0.3/bin/bundle:13:in `&amp;lt;top (required)&amp;gt;'
    from /usr/bin/bundle:19:in `load'
    from /usr/bin/bundle:19:in `&amp;lt;main&amp;gt;'&lt;/code&gt;
&lt;/pre&gt;
&lt;pre&gt;
&lt;code&gt;$ bundle --version
Bundler version 1.0.3&lt;/code&gt;
&lt;/pre&gt;
&lt;pre&gt;
&lt;code&gt;$ cat Gemfile | grep -v ^#
source 'http://rubygems.org'
gem 'rails', '3.0.1'
gem 'sqlite3-ruby', :require =&amp;gt; 'sqlite3'&lt;/code&gt;
&lt;/pre&gt;&lt;/div&gt;</body-html>
      <closed type="boolean">false</closed>
      <created-at type="datetime">2010-10-19T14:27:31+01:00</created-at>
      <creator-id type="integer">114010</creator-id>
      <diffable-attributes type="yaml">--- 
:tag: 
</diffable-attributes>
      <milestone-id type="integer" nil="true"></milestone-id>
      <number type="integer">5518</number>
      <permalink>bundle-install-internalgem_prelude344in-method_missing-undefined-method-user_home-for-gemmodule-nomethoderror</permalink>
      <priority type="integer">3</priority>
      <project-id type="integer">8994</project-id>
      <state>open</state>
      <tag>bundler</tag>
      <title>bundle install: &lt;internal:gem_prelude&gt;:344:in `method_missing': undefined method `user_home' for Gem:Module (NoMethodError)</title>
      <updated-at type="datetime">2010-10-19T14:27:34+01:00</updated-at>
      <user-id type="integer">120669</user-id>
      <version type="integer">9</version>
      <user-name>cosmolee</user-name>
      <creator-name>Orlando Agostinho</creator-name>
      <url>http://rails.lighthouseapp.com/projects/8994/tickets/5518</url>
      <priority-name>Low</priority-name>
    </version>
    <version type="Ticket::Version">
      <assigned-user-id type="integer" nil="true"></assigned-user-id>
      <attachments-count type="integer">0</attachments-count>
      <body>Oh, and:

Ubuntu 10.04 
Ruby 1.9.1, which is the latest available via Ubuntu's apt-get repository at this point in time, which, when running `rails` gets flagged:

@@@
$ rails --version

    Rails 3 doesn't officially support Ruby 1.9.1 since recent stable
    releases have segfaulted the test suite. Please upgrade to Ruby 1.9.2
    before Rails 3 is released!

    You're running
      ruby 1.9.1p378 (2010-01-10 revision 26273) [i486-linux]

Rails 3.0.1
@@@</body>
      <body-html>&lt;div&gt;&lt;p&gt;Oh, and:&lt;/p&gt;
&lt;p&gt;Ubuntu 10.04&lt;br&gt;
Ruby 1.9.1, which is the latest available via Ubuntu's apt-get
repository at this point in time, which, when running
&lt;code&gt;rails&lt;/code&gt; gets flagged:&lt;/p&gt;
&lt;pre&gt;
&lt;code&gt;$ rails --version

    Rails 3 doesn't officially support Ruby 1.9.1 since recent stable
    releases have segfaulted the test suite. Please upgrade to Ruby 1.9.2
    before Rails 3 is released!

    You're running
      ruby 1.9.1p378 (2010-01-10 revision 26273) [i486-linux]

Rails 3.0.1&lt;/code&gt;
&lt;/pre&gt;&lt;/div&gt;</body-html>
      <closed type="boolean">false</closed>
      <created-at type="datetime">2010-10-19T14:38:50+01:00</created-at>
      <creator-id type="integer">114010</creator-id>
      <diffable-attributes type="yaml">--- {}

</diffable-attributes>
      <milestone-id type="integer" nil="true"></milestone-id>
      <number type="integer">5518</number>
      <permalink>bundle-install-internalgem_prelude344in-method_missing-undefined-method-user_home-for-gemmodule-nomethoderror</permalink>
      <priority type="integer">3</priority>
      <project-id type="integer">8994</project-id>
      <state>open</state>
      <tag>bundler</tag>
      <title>bundle install: &lt;internal:gem_prelude&gt;:344:in `method_missing': undefined method `user_home' for Gem:Module (NoMethodError)</title>
      <updated-at type="datetime">2010-10-19T14:38:53+01:00</updated-at>
      <user-id type="integer">120669</user-id>
      <version type="integer">10</version>
      <user-name>cosmolee</user-name>
      <creator-name>Orlando Agostinho</creator-name>
      <url>http://rails.lighthouseapp.com/projects/8994/tickets/5518</url>
      <priority-name>Low</priority-name>
    </version>
    <version type="Ticket::Version">
      <assigned-user-id type="integer" nil="true"></assigned-user-id>
      <attachments-count type="integer">0</attachments-count>
      <body>Yeah, it's true that Rails 3 doesn't maintain support for Ruby 1.9.1. Please try upgrading to 1.9.2 and see if the error goes away.</body>
      <body-html>&lt;div&gt;&lt;p&gt;Yeah, it's true that Rails 3 doesn't maintain support for Ruby
1.9.1. Please try upgrading to 1.9.2 and see if the error goes
away.&lt;/p&gt;&lt;/div&gt;</body-html>
      <closed type="boolean">false</closed>
      <created-at type="datetime">2010-10-19T15:00:03+01:00</created-at>
      <creator-id type="integer">114010</creator-id>
      <diffable-attributes type="yaml">--- {}

</diffable-attributes>
      <milestone-id type="integer" nil="true"></milestone-id>
      <number type="integer">5518</number>
      <permalink>bundle-install-internalgem_prelude344in-method_missing-undefined-method-user_home-for-gemmodule-nomethoderror</permalink>
      <priority type="integer">3</priority>
      <project-id type="integer">8994</project-id>
      <state>open</state>
      <tag>bundler</tag>
      <title>bundle install: &lt;internal:gem_prelude&gt;:344:in `method_missing': undefined method `user_home' for Gem:Module (NoMethodError)</title>
      <updated-at type="datetime">2010-10-19T15:00:05+01:00</updated-at>
      <user-id type="integer">65050</user-id>
      <version type="integer">11</version>
      <user-name>David Trasbo</user-name>
      <creator-name>Orlando Agostinho</creator-name>
      <url>http://rails.lighthouseapp.com/projects/8994/tickets/5518</url>
      <priority-name>Low</priority-name>
    </version>
    <version type="Ticket::Version">
      <assigned-user-id type="integer" nil="true"></assigned-user-id>
      <attachments-count type="integer">0</attachments-count>
      <body>Installing from ftp.ruby-lang.org seems to have fixed the problem for me.  Although there were a few headaches.  

I uninstalled Ruby via the Ubuntu Synaptic package.  I also uninstalled Rails with `gem uninstall`.

After installing Ruby 1.9.2, I then installed Rails with `gem install rails`.  The install seemed to run fine.  But when I tried to run the `rails` command I got an error:

@@@
 /usr/bin/ruby1.9.1: bad interpreter: No such file or directory
@@@


I checked and found that /usr/bin/rails has a line specifying ruby1.9.1
@@@
#!/usr/bin/ruby1.9.1
@@@


This file was being run instead of /usr/local/bin/rails which says:
@@@
#!/usr/local/bin/ruby
@@@

I deleted /usr/bin/rails so that /usr/local/bin/rails ran instead.</body>
      <body-html>&lt;div&gt;&lt;p&gt;Installing from ftp.ruby-lang.org seems to have fixed the
problem for me. Although there were a few headaches.&lt;br&gt;&lt;/p&gt;
&lt;p&gt;I uninstalled Ruby via the Ubuntu Synaptic package. I also
uninstalled Rails with &lt;code&gt;gem uninstall&lt;/code&gt;.&lt;/p&gt;
&lt;p&gt;After installing Ruby 1.9.2, I then installed Rails with
&lt;code&gt;gem install rails&lt;/code&gt;. The install seemed to run fine. But
when I tried to run the &lt;code&gt;rails&lt;/code&gt; command I got an
error:&lt;/p&gt;
&lt;pre&gt;
&lt;code&gt; /usr/bin/ruby1.9.1: bad interpreter: No such file or directory&lt;/code&gt;
&lt;/pre&gt;
&lt;p&gt;I checked and found that /usr/bin/rails has a line specifying
ruby1.9.1&lt;br&gt;&lt;/p&gt;
&lt;pre&gt;
&lt;code&gt;#!/usr/bin/ruby1.9.1&lt;/code&gt;
&lt;/pre&gt;
&lt;p&gt;This file was being run instead of /usr/local/bin/rails which
says:&lt;br&gt;&lt;/p&gt;
&lt;pre&gt;
&lt;code&gt;#!/usr/local/bin/ruby&lt;/code&gt;
&lt;/pre&gt;
&lt;p&gt;I deleted /usr/bin/rails so that /usr/local/bin/rails ran
instead.&lt;/p&gt;&lt;/div&gt;</body-html>
      <closed type="boolean">false</closed>
      <created-at type="datetime">2010-10-19T20:58:42+01:00</created-at>
      <creator-id type="integer">114010</creator-id>
      <diffable-attributes type="yaml">--- {}

</diffable-attributes>
      <milestone-id type="integer" nil="true"></milestone-id>
      <number type="integer">5518</number>
      <permalink>bundle-install-internalgem_prelude344in-method_missing-undefined-method-user_home-for-gemmodule-nomethoderror</permalink>
      <priority type="integer">3</priority>
      <project-id type="integer">8994</project-id>
      <state>open</state>
      <tag>bundler</tag>
      <title>bundle install: &lt;internal:gem_prelude&gt;:344:in `method_missing': undefined method `user_home' for Gem:Module (NoMethodError)</title>
      <updated-at type="datetime">2010-10-19T21:00:57+01:00</updated-at>
      <user-id type="integer">120669</user-id>
      <version type="integer">12</version>
      <user-name>cosmolee</user-name>
      <creator-name>Orlando Agostinho</creator-name>
      <url>http://rails.lighthouseapp.com/projects/8994/tickets/5518</url>
      <priority-name>Low</priority-name>
    </version>
    <version type="Ticket::Version">
      <assigned-user-id type="integer" nil="true"></assigned-user-id>
      <attachments-count type="integer">0</attachments-count>
      <body>Sorry, that previous post got submitted prematurely.


Installing from ftp.ruby-lang.org seems to have fixed the problem for me.  Although there were a few headaches.  

I uninstalled Ruby 1.9.1 via the Ubuntu Synaptic package.  I also uninstalled Rails with `gem uninstall`.

After installing Ruby 1.9.2, I then installed Rails with `gem install rails`.  The install seemed to run fine.  Oddly, it got installed in gems/1.9.1: /usr/lib/ruby/gems/1.9.1/gems/rails-3.0.1/ (?)  


When I tried to run the `rails` command I got an error:

@@@
 /usr/bin/ruby1.9.1: bad interpreter: No such file or directory
@@@


I checked and found that /usr/bin/rails has a line specifying ruby1.9.1
@@@
#!/usr/bin/ruby1.9.1
@@@


That file was being run instead of /usr/local/bin/rails which says:
@@@
#!/usr/local/bin/ruby
@@@

I deleted /usr/bin/rails so that /usr/local/bin/rails ran instead.  You may have to rehash your path or run another terminal to get that new path to run.


Then the bundle command then ran successfully:
@@@
$ bundle install
Fetching source index for http://rubygems.org/
Using rake (0.8.7) 
Using abstract (1.0.0) 
Using activesupport (3.0.1) 
Using builder (2.1.2) 
Using i18n (0.4.1) 
Using activemodel (3.0.1) 
Using erubis (2.6.6) 
Using rack (1.2.1) 
Using rack-mount (0.6.13) 
Using rack-test (0.5.6) 
Using tzinfo (0.3.23) 
Using actionpack (3.0.1) 
Using mime-types (1.16) 
Using polyglot (0.3.1) 
Using treetop (1.4.8) 
Using mail (2.2.7) 
Using actionmailer (3.0.1) 
Using arel (1.0.1) 
Using activerecord (3.0.1) 
Using activeresource (3.0.1) 
Using bundler (1.0.3) 
Using thor (0.14.3) 
Using railties (3.0.1) 
Using rails (3.0.1) 
Installing sqlite3-ruby (1.3.1) with native extensions 
Your bundle is complete! Use `bundle show [gemname]` to see where a bundled gem is installed.
@@@

HTH.</body>
      <body-html>&lt;div&gt;&lt;p&gt;Sorry, that previous post got submitted prematurely.&lt;/p&gt;
&lt;p&gt;Installing from ftp.ruby-lang.org seems to have fixed the
problem for me. Although there were a few headaches.&lt;br&gt;&lt;/p&gt;
&lt;p&gt;I uninstalled Ruby 1.9.1 via the Ubuntu Synaptic package. I also
uninstalled Rails with &lt;code&gt;gem uninstall&lt;/code&gt;.&lt;/p&gt;
&lt;p&gt;After installing Ruby 1.9.2, I then installed Rails with
&lt;code&gt;gem install rails&lt;/code&gt;. The install seemed to run fine.
Oddly, it got installed in gems/1.9.1:
/usr/lib/ruby/gems/1.9.1/gems/rails-3.0.1/ (?)&lt;br&gt;&lt;/p&gt;
&lt;p&gt;When I tried to run the &lt;code&gt;rails&lt;/code&gt; command I got an
error:&lt;/p&gt;
&lt;pre&gt;
&lt;code&gt; /usr/bin/ruby1.9.1: bad interpreter: No such file or directory&lt;/code&gt;
&lt;/pre&gt;
&lt;p&gt;I checked and found that /usr/bin/rails has a line specifying
ruby1.9.1&lt;br&gt;&lt;/p&gt;
&lt;pre&gt;
&lt;code&gt;#!/usr/bin/ruby1.9.1&lt;/code&gt;
&lt;/pre&gt;
&lt;p&gt;That file was being run instead of /usr/local/bin/rails which
says:&lt;br&gt;&lt;/p&gt;
&lt;pre&gt;
&lt;code&gt;#!/usr/local/bin/ruby&lt;/code&gt;
&lt;/pre&gt;
&lt;p&gt;I deleted /usr/bin/rails so that /usr/local/bin/rails ran
instead. You may have to rehash your path or run another terminal
to get that new path to run.&lt;/p&gt;
&lt;p&gt;Then the bundle command then ran successfully:&lt;br&gt;&lt;/p&gt;
&lt;pre&gt;
&lt;code&gt;$ bundle install
Fetching source index for http://rubygems.org/
Using rake (0.8.7) 
Using abstract (1.0.0) 
Using activesupport (3.0.1) 
Using builder (2.1.2) 
Using i18n (0.4.1) 
Using activemodel (3.0.1) 
Using erubis (2.6.6) 
Using rack (1.2.1) 
Using rack-mount (0.6.13) 
Using rack-test (0.5.6) 
Using tzinfo (0.3.23) 
Using actionpack (3.0.1) 
Using mime-types (1.16) 
Using polyglot (0.3.1) 
Using treetop (1.4.8) 
Using mail (2.2.7) 
Using actionmailer (3.0.1) 
Using arel (1.0.1) 
Using activerecord (3.0.1) 
Using activeresource (3.0.1) 
Using bundler (1.0.3) 
Using thor (0.14.3) 
Using railties (3.0.1) 
Using rails (3.0.1) 
Installing sqlite3-ruby (1.3.1) with native extensions 
Your bundle is complete! Use &lt;/code&gt;bundle show [gemname] to see where a bundled gem is installed.
&lt;/pre&gt;
&lt;p&gt;HTH.&lt;/p&gt;&lt;/div&gt;</body-html>
      <closed type="boolean">false</closed>
      <created-at type="datetime">2010-10-19T21:10:53+01:00</created-at>
      <creator-id type="integer">114010</creator-id>
      <diffable-attributes type="yaml">--- {}

</diffable-attributes>
      <milestone-id type="integer" nil="true"></milestone-id>
      <number type="integer">5518</number>
      <permalink>bundle-install-internalgem_prelude344in-method_missing-undefined-method-user_home-for-gemmodule-nomethoderror</permalink>
      <priority type="integer">3</priority>
      <project-id type="integer">8994</project-id>
      <state>open</state>
      <tag>bundler</tag>
      <title>bundle install: &lt;internal:gem_prelude&gt;:344:in `method_missing': undefined method `user_home' for Gem:Module (NoMethodError)</title>
      <updated-at type="datetime">2010-10-19T21:10:55+01:00</updated-at>
      <user-id type="integer">120669</user-id>
      <version type="integer">13</version>
      <user-name>cosmolee</user-name>
      <creator-name>Orlando Agostinho</creator-name>
      <url>http://rails.lighthouseapp.com/projects/8994/tickets/5518</url>
      <priority-name>Low</priority-name>
    </version>
    <version type="Ticket::Version">
      <assigned-user-id type="integer" nil="true"></assigned-user-id>
      <attachments-count type="integer">0</attachments-count>
      <body>BTW, why does the &quot;WATCH&quot; button appear in the *second* posting of the thread?  

I had a hell of a time finding it, because that doesn't seem like the logical place it should be found....</body>
      <body-html>&lt;div&gt;&lt;p&gt;BTW, why does the &quot;WATCH&quot; button appear in the &lt;em&gt;second&lt;/em&gt;
posting of the thread?&lt;br&gt;&lt;/p&gt;
&lt;p&gt;I had a hell of a time finding it, because that doesn't seem
like the logical place it should be found....&lt;/p&gt;&lt;/div&gt;</body-html>
      <closed type="boolean">false</closed>
      <created-at type="datetime">2010-10-19T21:18:01+01:00</created-at>
      <creator-id type="integer">114010</creator-id>
      <diffable-attributes type="yaml">--- {}

</diffable-attributes>
      <milestone-id type="integer" nil="true"></milestone-id>
      <number type="integer">5518</number>
      <permalink>bundle-install-internalgem_prelude344in-method_missing-undefined-method-user_home-for-gemmodule-nomethoderror</permalink>
      <priority type="integer">3</priority>
      <project-id type="integer">8994</project-id>
      <state>open</state>
      <tag>bundler</tag>
      <title>bundle install: &lt;internal:gem_prelude&gt;:344:in `method_missing': undefined method `user_home' for Gem:Module (NoMethodError)</title>
      <updated-at type="datetime">2010-10-19T21:18:16+01:00</updated-at>
      <user-id type="integer">120669</user-id>
      <version type="integer">14</version>
      <user-name>cosmolee</user-name>
      <creator-name>Orlando Agostinho</creator-name>
      <url>http://rails.lighthouseapp.com/projects/8994/tickets/5518</url>
      <priority-name>Low</priority-name>
    </version>
    <version type="Ticket::Version">
      <assigned-user-id type="integer" nil="true"></assigned-user-id>
      <attachments-count type="integer">0</attachments-count>
      <body>This is an issue with bundler, and they are saying that 1.9.1 is not officially supported.  You can fix it by suppressing the Gem::QuickLoader.load_full_rubygems_library call in bundler/rubygems_ext.rb with something like.

@@@ ruby
  Gem::QuickLoader.load_full_rubygems_library unless RUBY_VERSION.eql?('1.9.1')
@@@

The [bug for this issue](https://github.com/carlhuda/bundler/issues/issue/442 &quot;bundler bug 442&quot;) lives over on github.  I recommend marking this invalid.</body>
      <body-html>&lt;div&gt;&lt;p&gt;This is an issue with bundler, and they are saying that 1.9.1 is
not officially supported. You can fix it by suppressing the
Gem::QuickLoader.load_full_rubygems_library call in
bundler/rubygems_ext.rb with something like.&lt;/p&gt;
&lt;pre&gt;
&lt;code class=
&quot;ruby&quot;&gt;  Gem::QuickLoader.load_full_rubygems_library unless RUBY_VERSION.eql?('1.9.1')&lt;/code&gt;
&lt;/pre&gt;
&lt;p&gt;The &lt;a href=
&quot;https://github.com/carlhuda/bundler/issues/issue/442&quot; title=
&quot;bundler bug 442&quot;&gt;bug for this issue&lt;/a&gt; lives over on github. I
recommend marking this invalid.&lt;/p&gt;&lt;/div&gt;</body-html>
      <closed type="boolean">false</closed>
      <created-at type="datetime">2010-11-10T10:43:54+00:00</created-at>
      <creator-id type="integer">114010</creator-id>
      <diffable-attributes type="yaml">--- {}

</diffable-attributes>
      <milestone-id type="integer" nil="true"></milestone-id>
      <number type="integer">5518</number>
      <permalink>bundle-install-internalgem_prelude344in-method_missing-undefined-method-user_home-for-gemmodule-nomethoderror</permalink>
      <priority type="integer">3</priority>
      <project-id type="integer">8994</project-id>
      <state>open</state>
      <tag>bundler</tag>
      <title>bundle install: &lt;internal:gem_prelude&gt;:344:in `method_missing': undefined method `user_home' for Gem:Module (NoMethodError)</title>
      <updated-at type="datetime">2010-11-10T10:54:19+00:00</updated-at>
      <user-id type="integer">57109</user-id>
      <version type="integer">15</version>
      <user-name>Benjamin Floering</user-name>
      <creator-name>Orlando Agostinho</creator-name>
      <url>http://rails.lighthouseapp.com/projects/8994/tickets/5518</url>
      <priority-name>Low</priority-name>
    </version>
    <version type="Ticket::Version">
      <assigned-user-id type="integer" nil="true"></assigned-user-id>
      <attachments-count type="integer">0</attachments-count>
      <body>This issue has been automatically marked as stale because it has not been commented on for at least three months.

The resources of the Rails core team are limited, and so we are asking for your help. If you can still reproduce this error on the 3-0-stable branch or on master, please reply with all of the information you have about it and add &quot;[state:open]&quot; to your comment. This will reopen the ticket for review. Likewise, if you feel that this is a very important feature for Rails to include, please reply with your explanation so we can consider it.

Thank you for all your contributions, and we hope you will understand this step to focus our efforts where they are most helpful.</body>
      <body-html>&lt;div&gt;&lt;p&gt;This issue has been automatically marked as stale because it has
not been commented on for at least three months.&lt;/p&gt;
&lt;p&gt;The resources of the Rails core team are limited, and so we are
asking for your help. If you can still reproduce this error on the
3-0-stable branch or on master, please reply with all of the
information you have about it and add &quot;[state:open]&quot; to your
comment. This will reopen the ticket for review. Likewise, if you
feel that this is a very important feature for Rails to include,
please reply with your explanation so we can consider it.&lt;/p&gt;
&lt;p&gt;Thank you for all your contributions, and we hope you will
understand this step to focus our efforts where they are most
helpful.&lt;/p&gt;&lt;/div&gt;</body-html>
      <closed type="boolean">false</closed>
      <created-at type="datetime">2011-02-11T19:18:08+00:00</created-at>
      <creator-id type="integer">114010</creator-id>
      <diffable-attributes type="yaml">--- {}

</diffable-attributes>
      <milestone-id type="integer" nil="true"></milestone-id>
      <number type="integer">5518</number>
      <permalink>bundle-install-internalgem_prelude344in-method_missing-undefined-method-user_home-for-gemmodule-nomethoderror</permalink>
      <priority type="integer">3</priority>
      <project-id type="integer">8994</project-id>
      <state>open</state>
      <tag>bundler</tag>
      <title>bundle install: &lt;internal:gem_prelude&gt;:344:in `method_missing': undefined method `user_home' for Gem:Module (NoMethodError)</title>
      <updated-at type="datetime">2011-02-11T19:20:10+00:00</updated-at>
      <user-id type="integer">40272</user-id>
      <version type="integer">16</version>
      <user-name>Santiago Pastorino</user-name>
      <creator-name>Orlando Agostinho</creator-name>
      <url>http://rails.lighthouseapp.com/projects/8994/tickets/5518</url>
      <priority-name>Low</priority-name>
    </version>
    <version type="Ticket::Version">
      <assigned-user-id type="integer" nil="true"></assigned-user-id>
      <attachments-count type="integer">0</attachments-count>
      <body nil="true"></body>
      <body-html nil="true"></body-html>
      <closed type="boolean">true</closed>
      <created-at type="datetime">2011-02-11T19:18:08+00:00</created-at>
      <creator-id type="integer">114010</creator-id>
      <diffable-attributes type="yaml">--- 
:state: open
</diffable-attributes>
      <milestone-id type="integer" nil="true"></milestone-id>
      <number type="integer">5518</number>
      <permalink>bundle-install-internalgem_prelude344in-method_missing-undefined-method-user_home-for-gemmodule-nomethoderror</permalink>
      <priority type="integer">3</priority>
      <project-id type="integer">8994</project-id>
      <state>stale</state>
      <tag>bundler</tag>
      <title>bundle install: &lt;internal:gem_prelude&gt;:344:in `method_missing': undefined method `user_home' for Gem:Module (NoMethodError)</title>
      <updated-at type="datetime">2011-02-11T19:20:22+00:00</updated-at>
      <user-id type="integer">40272</user-id>
      <version type="integer">17</version>
      <user-name>Santiago Pastorino</user-name>
      <creator-name>Orlando Agostinho</creator-name>
      <url>http://rails.lighthouseapp.com/projects/8994/tickets/5518</url>
      <priority-name>Low</priority-name>
    </version>
    <version type="Ticket::Version">
      <assigned-user-id type="integer" nil="true"></assigned-user-id>
      <attachments-count type="integer">0</attachments-count>
      <body>I experience this same behavior, although I'm not using rails at all.  I'm running ruby 1.9.1-p378 and bundler 1.0.10.  Looks like this has nothing to do with rails.

    &lt;internal:gem_prelude&gt;:344:in `method_missing': undefined method `user_home' for Gem:Module (NoMethodError)
    	from /usr/local/lib/site_ruby/1.9.1/rubygems.rb:418:in `config_file'
    	from /usr/local/lib/site_ruby/1.9.1/rubygems/config_file.rb:243:in `config_file_name'
    	from /usr/local/lib/site_ruby/1.9.1/rubygems/config_file.rb:174:in `initialize'
    	from /usr/local/lib/site_ruby/1.9.1/rubygems.rb:425:in `new'
    	from /usr/local/lib/site_ruby/1.9.1/rubygems.rb:425:in `configuration'
    	from /usr/lib/ruby/gems/1.9.1/gems/bundler-1.0.10/lib/bundler/cli.rb:8:in `&lt;top (required)&gt;'
    	from /usr/local/lib/site_ruby/1.9.1/rubygems/custom_require.rb:29:in `require'
    	from /usr/local/lib/site_ruby/1.9.1/rubygems/custom_require.rb:29:in `require'
    	from /usr/lib/ruby/gems/1.9.1/gems/bundler-1.0.10/bin/bundle:10:in `&lt;top (required)&gt;'
    	from /usr/bin/bundle:19:in `load'
    	from /usr/bin/bundle:19:in `&lt;main&gt;'</body>
      <body-html>&lt;div&gt;&lt;p&gt;I experience this same behavior, although I'm not using rails at
all. I'm running ruby 1.9.1-p378 and bundler 1.0.10. Looks like
this has nothing to do with rails.&lt;/p&gt;
&lt;pre&gt;
&lt;code&gt;&amp;lt;internal:gem_prelude&amp;gt;:344:in `method_missing': undefined method `user_home' for Gem:Module (NoMethodError)
    from /usr/local/lib/site_ruby/1.9.1/rubygems.rb:418:in `config_file'
    from /usr/local/lib/site_ruby/1.9.1/rubygems/config_file.rb:243:in `config_file_name'
    from /usr/local/lib/site_ruby/1.9.1/rubygems/config_file.rb:174:in `initialize'
    from /usr/local/lib/site_ruby/1.9.1/rubygems.rb:425:in `new'
    from /usr/local/lib/site_ruby/1.9.1/rubygems.rb:425:in `configuration'
    from /usr/lib/ruby/gems/1.9.1/gems/bundler-1.0.10/lib/bundler/cli.rb:8:in `&amp;lt;top (required)&amp;gt;'
    from /usr/local/lib/site_ruby/1.9.1/rubygems/custom_require.rb:29:in `require'
    from /usr/local/lib/site_ruby/1.9.1/rubygems/custom_require.rb:29:in `require'
    from /usr/lib/ruby/gems/1.9.1/gems/bundler-1.0.10/bin/bundle:10:in `&amp;lt;top (required)&amp;gt;'
    from /usr/bin/bundle:19:in `load'
    from /usr/bin/bundle:19:in `&amp;lt;main&amp;gt;'&lt;/code&gt;
&lt;/pre&gt;&lt;/div&gt;</body-html>
      <closed type="boolean">true</closed>
      <created-at type="datetime">2011-02-18T23:43:09+00:00</created-at>
      <creator-id type="integer">114010</creator-id>
      <diffable-attributes type="yaml">--- {}

</diffable-attributes>
      <milestone-id type="integer" nil="true"></milestone-id>
      <number type="integer">5518</number>
      <permalink>bundle-install-internalgem_prelude344in-method_missing-undefined-method-user_home-for-gemmodule-nomethoderror</permalink>
      <priority type="integer">3</priority>
      <project-id type="integer">8994</project-id>
      <state>stale</state>
      <tag>bundler</tag>
      <title>bundle install: &lt;internal:gem_prelude&gt;:344:in `method_missing': undefined method `user_home' for Gem:Module (NoMethodError)</title>
      <updated-at type="datetime">2011-02-18T23:43:23+00:00</updated-at>
      <user-id type="integer">130498</user-id>
      <version type="integer">18</version>
      <user-name>Steve Loveless</user-name>
      <creator-name>Orlando Agostinho</creator-name>
      <url>http://rails.lighthouseapp.com/projects/8994/tickets/5518</url>
      <priority-name>Low</priority-name>
    </version>
  </versions>
</ticket>
